New log file opened at Thu Oct 27 01:55:45 CEST 2016 by 952@FantyG-Comp
Sending msg to client play-fork-run-43b20224-eabe-4d95-9e51-15c850e9ae2e: DetachedLogEvent(LogMessage(debug,sbt server socket logs are in: D:\Surveys\innovativeproject-surveys\web-app\.sbtserver\connections\master.log))
Sending msg to client play-fork-run-43b20224-eabe-4d95-9e51-15c850e9ae2e: DetachedLogEvent(LogMessage(debug,sbt general server logs are in: D:\Surveys\innovativeproject-surveys\web-app\.sbtserver\master.log))
Sending msg to client play-fork-run-43b20224-eabe-4d95-9e51-15c850e9ae2e: DetachedLogEvent(LogMessage(debug,sbt client logs are in: D:\Surveys\innovativeproject-surveys\web-app\.sbtserver\connections\play-fork-run-43b20224-eabe-4d95-9e51-15c850e9ae2e.log))
Reading next message from client.
Got request: DaemonRequest(true)
Reading next message from client.
Sending msg to client play-fork-run-43b20224-eabe-4d95-9e51-15c850e9ae2e: (3,ReceivedResponse())
Got request: ListenToEvents()
Reading next message from client.
Sending msg to client play-fork-run-43b20224-eabe-4d95-9e51-15c850e9ae2e: BackgroundJobStarted(21,BackgroundJobInfo(2,backgroundRun,AttributeKey[sbt.BackgroundJobHandle]("backgroundRun") in Scope(Build: file:/D:/Surveys/innovativeproject-surveys/web-app/, , Project: ProjectReference(file:/D:/Surveys/innovativeproject-surveys/web-app/,root), Config: compile)))
Sending msg to client play-fork-run-43b20224-eabe-4d95-9e51-15c850e9ae2e: (4,ReceivedResponse())
Got request: KeyLookupRequest(root/playForkConfig)
Reading next message from client.
Sending msg to client play-fork-run-43b20224-eabe-4d95-9e51-15c850e9ae2e: (5,KeyLookupResponse(root/playForkConfig,Vector(AttributeKey[play.forkrun.protocol.ForkConfig]("playForkConfig") in Scope(Build: file:/D:/Surveys/innovativeproject-surveys/web-app/, , Project: ProjectReference(file:/D:/Surveys/innovativeproject-surveys/web-app/,root)))))
Got request: ListenToValue(AttributeKey[play.forkrun.protocol.ForkConfig]("playForkConfig") in Scope(Build: file:/D:/Surveys/innovativeproject-surveys/web-app/, , Project: ProjectReference(file:/D:/Surveys/innovativeproject-surveys/web-app/,root)))
Reading next message from client.
Got request: KeyExecutionRequest(AttributeKey[play.forkrun.protocol.ForkConfig]("playForkConfig") in Scope(Build: file:/D:/Surveys/innovativeproject-surveys/web-app/, , Project: ProjectReference(file:/D:/Surveys/innovativeproject-surveys/web-app/,root)))
Reading next message from client.
Sending msg to client play-fork-run-43b20224-eabe-4d95-9e51-15c850e9ae2e: (6,ReceivedResponse())
Sending msg to client play-fork-run-43b20224-eabe-4d95-9e51-15c850e9ae2e: (7,ExecutionRequestReceived(22))
Sending msg to client play-fork-run-43b20224-eabe-4d95-9e51-15c850e9ae2e: ExecutionWaiting(22,{file:/D:/Surveys/innovativeproject-surveys/web-app/}root/*:playForkConfig,ClientInfo(43b20224-eabe-4d95-9e51-15c850e9ae2e,play-fork-run,Play Fork Run,1,Vector()))
Sending msg to client play-fork-run-43b20224-eabe-4d95-9e51-15c850e9ae2e: ExecutionStarting(22)
Sending msg to client play-fork-run-43b20224-eabe-4d95-9e51-15c850e9ae2e: DetachedLogEvent(LogMessage(debug,> {file:/D:/Surveys/innovativeproject-surveys/web-app/}root/*:playForkConfig))
Sending msg to client play-fork-run-43b20224-eabe-4d95-9e51-15c850e9ae2e: DetachedLogEvent(LogMessage(debug,Evaluating tasks: *:playForkConfig))
Sending msg to client play-fork-run-43b20224-eabe-4d95-9e51-15c850e9ae2e: DetachedLogEvent(LogMessage(debug,Running task... Cancel: sbt.server.ServerTaskCancellation@6300c4f5, check cycles: false))
Sending msg to client play-fork-run-43b20224-eabe-4d95-9e51-15c850e9ae2e: DetachedLogEvent(LogMessage(debug,cancel strategy start enabled=true lastCommand=Some(LastCommand(CommandExecutionWork(ExecutionId(22),{file:/D:/Surveys/innovativeproject-surveys/web-app/}root/*:playForkConfig,Set(LiveClient(play-fork-run 43b20224-eabe-4d95-9e51-15c850e9ae2e)),sbt.server.WorkCancellationStatus$$anon$1@765cb149)))))
Sending msg to client play-fork-run-43b20224-eabe-4d95-9e51-15c850e9ae2e: TaskStarted(22,1975,None)
Sending msg to client play-fork-run-43b20224-eabe-4d95-9e51-15c850e9ae2e: TaskStarted(22,1983,None)
Sending msg to client play-fork-run-43b20224-eabe-4d95-9e51-15c850e9ae2e: TaskStarted(22,1984,None)
Sending msg to client play-fork-run-43b20224-eabe-4d95-9e51-15c850e9ae2e: TaskStarted(22,1986,None)
Sending msg to client play-fork-run-43b20224-eabe-4d95-9e51-15c850e9ae2e: TaskStarted(22,1999,Some(AttributeKey[scala.collection.Seq[sbt.Resolver]]("externalResolvers") in Scope(Build: file:/D:/Surveys/innovativeproject-surveys/web-app/, , Project: ProjectReference(file:/D:/Surveys/innovativeproject-surveys/web-app/,root))))
Sending msg to client play-fork-run-43b20224-eabe-4d95-9e51-15c850e9ae2e: TaskStarted(22,2000,Some(AttributeKey[scala.Option[scala.collection.Seq[sbt.Resolver]]]("bootResolvers") in Scope(Build: file:/D:/Surveys/innovativeproject-surveys/web-app/, , Project: ProjectReference(file:/D:/Surveys/innovativeproject-surveys/web-app/,root))))
Sending msg to client play-fork-run-43b20224-eabe-4d95-9e51-15c850e9ae2e: TaskStarted(22,2002,Some(AttributeKey[scala.collection.Seq[sbt.Credentials]]("credentials") in Scope(Global)))
Sending msg to client play-fork-run-43b20224-eabe-4d95-9e51-15c850e9ae2e: TaskStarted(22,2006,Some(AttributeKey[java.lang.String]("updateCacheName") in Scope(Build: file:/D:/Surveys/innovativeproject-surveys/web-app/, , Project: ProjectReference(file:/D:/Surveys/innovativeproject-surveys/web-app/,root))))
Sending msg to client play-fork-run-43b20224-eabe-4d95-9e51-15c850e9ae2e: TaskStarted(22,2009,None)
Sending msg to client play-fork-run-43b20224-eabe-4d95-9e51-15c850e9ae2e: TaskStarted(22,2010,Some(AttributeKey[boolean]("skip") in Scope(Global)))
Sending msg to client play-fork-run-43b20224-eabe-4d95-9e51-15c850e9ae2e: TaskStarted(22,2012,None)
Sending msg to client play-fork-run-43b20224-eabe-4d95-9e51-15c850e9ae2e: TaskStarted(22,2016,None)
Sending msg to client play-fork-run-43b20224-eabe-4d95-9e51-15c850e9ae2e: TaskStarted(22,2021,Some(AttributeKey[scala.Option[java.lang.String]]("mainClass") in Scope(Build: file:/D:/Surveys/innovativeproject-surveys/web-app/, , Project: ProjectReference(file:/D:/Surveys/innovativeproject-surveys/web-app/,root), Config: compile, Task: AttributeKey[void]("run"))))
Sending msg to client play-fork-run-43b20224-eabe-4d95-9e51-15c850e9ae2e: TaskStarted(22,2024,Some(AttributeKey[scala.collection.Seq[java.lang.String]]("javaOptions") in Scope(Global)))
Sending msg to client play-fork-run-43b20224-eabe-4d95-9e51-15c850e9ae2e: TaskStarted(22,2025,None)
Sending msg to client play-fork-run-43b20224-eabe-4d95-9e51-15c850e9ae2e: TaskStarted(22,2027,Some(AttributeKey[scala.Tuple2[java.lang.String,java.io.File]]("playPrefixAndAssets") in Scope(Build: file:/D:/Surveys/innovativeproject-surveys/web-app/, , Project: ProjectReference(file:/D:/Surveys/innovativeproject-surveys/web-app/,root))))
Sending msg to client play-fork-run-43b20224-eabe-4d95-9e51-15c850e9ae2e: TaskStarted(22,2029,None)
Sending msg to client play-fork-run-43b20224-eabe-4d95-9e51-15c850e9ae2e: TaskFinished(22,1975,None,true,None)
Sending msg to client play-fork-run-43b20224-eabe-4d95-9e51-15c850e9ae2e: TaskStarted(22,1974,None)
Sending msg to client play-fork-run-43b20224-eabe-4d95-9e51-15c850e9ae2e: TaskStarted(22,1978,None)
Sending msg to client play-fork-run-43b20224-eabe-4d95-9e51-15c850e9ae2e: TaskStarted(22,1998,None)
Sending msg to client play-fork-run-43b20224-eabe-4d95-9e51-15c850e9ae2e: TaskStarted(22,2001,None)
Sending msg to client play-fork-run-43b20224-eabe-4d95-9e51-15c850e9ae2e: TaskStarted(22,2003,None)
Sending msg to client play-fork-run-43b20224-eabe-4d95-9e51-15c850e9ae2e: TaskStarted(22,2007,None)
Sending msg to client play-fork-run-43b20224-eabe-4d95-9e51-15c850e9ae2e: TaskStarted(22,2008,None)
Sending msg to client play-fork-run-43b20224-eabe-4d95-9e51-15c850e9ae2e: TaskStarted(22,2018,None)
Sending msg to client play-fork-run-43b20224-eabe-4d95-9e51-15c850e9ae2e: TaskFinished(22,1984,None,true,None)
Sending msg to client play-fork-run-43b20224-eabe-4d95-9e51-15c850e9ae2e: TaskFinished(22,1986,None,true,None)
Sending msg to client play-fork-run-43b20224-eabe-4d95-9e51-15c850e9ae2e: TaskStarted(22,1985,Some(AttributeKey[java.io.File]("dependencyCacheDirectory") in Scope(Build: file:/D:/Surveys/innovativeproject-surveys/web-app/, , Project: ProjectReference(file:/D:/Surveys/innovativeproject-surveys/web-app/,root))))
Sending msg to client play-fork-run-43b20224-eabe-4d95-9e51-15c850e9ae2e: TaskStarted(22,1992,Some(AttributeKey[sbt.BuildStructure]("buildStructure") in Scope(Global)))
Sending msg to client play-fork-run-43b20224-eabe-4d95-9e51-15c850e9ae2e: TaskFinished(22,1983,None,true,None)
Sending msg to client play-fork-run-43b20224-eabe-4d95-9e51-15c850e9ae2e: TaskStarted(22,1982,Some(AttributeKey[scala.collection.Seq[sbt.UpdateReport]]("transitiveUpdate") in Scope(Build: file:/D:/Surveys/innovativeproject-surveys/web-app/, , Project: ProjectReference(file:/D:/Surveys/innovativeproject-surveys/web-app/,root))))
Sending msg to client play-fork-run-43b20224-eabe-4d95-9e51-15c850e9ae2e: TaskFinished(22,2000,Some(AttributeKey[scala.Option[scala.collection.Seq[sbt.Resolver]]]("bootResolvers") in Scope(Build: file:/D:/Surveys/innovativeproject-surveys/web-app/, , Project: ProjectReference(file:/D:/Surveys/innovativeproject-surveys/web-app/,root))),true,None)
Sending msg to client play-fork-run-43b20224-eabe-4d95-9e51-15c850e9ae2e: TaskFinished(22,2002,Some(AttributeKey[scala.collection.Seq[sbt.Credentials]]("credentials") in Scope(Global)),true,None)
Sending msg to client play-fork-run-43b20224-eabe-4d95-9e51-15c850e9ae2e: TaskFinished(22,2006,Some(AttributeKey[java.lang.String]("updateCacheName") in Scope(Build: file:/D:/Surveys/innovativeproject-surveys/web-app/, , Project: ProjectReference(file:/D:/Surveys/innovativeproject-surveys/web-app/,root))),true,None)
Sending msg to client play-fork-run-43b20224-eabe-4d95-9e51-15c850e9ae2e: TaskFinished(22,2009,None,true,None)
Sending msg to client play-fork-run-43b20224-eabe-4d95-9e51-15c850e9ae2e: TaskFinished(22,2010,Some(AttributeKey[boolean]("skip") in Scope(Global)),true,None)
Sending msg to client play-fork-run-43b20224-eabe-4d95-9e51-15c850e9ae2e: TaskFinished(22,2012,None,true,None)
Sending msg to client play-fork-run-43b20224-eabe-4d95-9e51-15c850e9ae2e: TaskFinished(22,2016,None,true,None)
Sending msg to client play-fork-run-43b20224-eabe-4d95-9e51-15c850e9ae2e: TaskFinished(22,2021,Some(AttributeKey[scala.Option[java.lang.String]]("mainClass") in Scope(Build: file:/D:/Surveys/innovativeproject-surveys/web-app/, , Project: ProjectReference(file:/D:/Surveys/innovativeproject-surveys/web-app/,root), Config: compile, Task: AttributeKey[void]("run"))),true,None)
Sending msg to client play-fork-run-43b20224-eabe-4d95-9e51-15c850e9ae2e: TaskFinished(22,2024,Some(AttributeKey[scala.collection.Seq[java.lang.String]]("javaOptions") in Scope(Global)),true,None)
Sending msg to client play-fork-run-43b20224-eabe-4d95-9e51-15c850e9ae2e: TaskFinished(22,2025,None,true,None)
Sending msg to client play-fork-run-43b20224-eabe-4d95-9e51-15c850e9ae2e: TaskStarted(22,2023,Some(AttributeKey[scala.collection.Seq[java.lang.String]]("javaOptions") in Scope(Build: file:/D:/Surveys/innovativeproject-surveys/web-app/, )))
Sending msg to client play-fork-run-43b20224-eabe-4d95-9e51-15c850e9ae2e: TaskFinished(22,2027,Some(AttributeKey[scala.Tuple2[java.lang.String,java.io.File]]("playPrefixAndAssets") in Scope(Build: file:/D:/Surveys/innovativeproject-surveys/web-app/, , Project: ProjectReference(file:/D:/Surveys/innovativeproject-surveys/web-app/,root))),true,None)
Sending msg to client play-fork-run-43b20224-eabe-4d95-9e51-15c850e9ae2e: TaskStarted(22,2026,Some(AttributeKey[scala.collection.Seq[scala.Tuple2[java.lang.String,java.io.File]]]("playAllAssets") in Scope(Build: file:/D:/Surveys/innovativeproject-surveys/web-app/, , Project: ProjectReference(file:/D:/Surveys/innovativeproject-surveys/web-app/,root))))
Sending msg to client play-fork-run-43b20224-eabe-4d95-9e51-15c850e9ae2e: TaskFinished(22,2029,None,true,None)
Sending msg to client play-fork-run-43b20224-eabe-4d95-9e51-15c850e9ae2e: TaskFinished(22,1974,None,true,None)
Sending msg to client play-fork-run-43b20224-eabe-4d95-9e51-15c850e9ae2e: TaskFinished(22,1978,None,true,None)
Sending msg to client play-fork-run-43b20224-eabe-4d95-9e51-15c850e9ae2e: TaskFinished(22,1999,Some(AttributeKey[scala.collection.Seq[sbt.Resolver]]("externalResolvers") in Scope(Build: file:/D:/Surveys/innovativeproject-surveys/web-app/, , Project: ProjectReference(file:/D:/Surveys/innovativeproject-surveys/web-app/,root))),true,None)
Sending msg to client play-fork-run-43b20224-eabe-4d95-9e51-15c850e9ae2e: TaskFinished(22,2003,None,true,None)
Sending msg to client play-fork-run-43b20224-eabe-4d95-9e51-15c850e9ae2e: TaskFinished(22,2007,None,true,None)
Sending msg to client play-fork-run-43b20224-eabe-4d95-9e51-15c850e9ae2e: TaskStarted(22,2005,Some(AttributeKey[scala.collection.immutable.Map[sbt.ModuleID,sbt.SourcePosition]]("dependencyPositions") in Scope(Build: file:/D:/Surveys/innovativeproject-surveys/web-app/, , Project: ProjectReference(file:/D:/Surveys/innovativeproject-surveys/web-app/,root))))
Sending msg to client play-fork-run-43b20224-eabe-4d95-9e51-15c850e9ae2e: TaskFinished(22,2008,None,true,None)
Sending msg to client play-fork-run-43b20224-eabe-4d95-9e51-15c850e9ae2e: TaskFinished(22,2001,None,true,None)
Sending msg to client play-fork-run-43b20224-eabe-4d95-9e51-15c850e9ae2e: TaskFinished(22,2018,None,true,None)
Sending msg to client play-fork-run-43b20224-eabe-4d95-9e51-15c850e9ae2e: TaskFinished(22,1985,Some(AttributeKey[java.io.File]("dependencyCacheDirectory") in Scope(Build: file:/D:/Surveys/innovativeproject-surveys/web-app/, , Project: ProjectReference(file:/D:/Surveys/innovativeproject-surveys/web-app/,root))),true,None)
Sending msg to client play-fork-run-43b20224-eabe-4d95-9e51-15c850e9ae2e: TaskFinished(22,1998,None,true,None)
Sending msg to client play-fork-run-43b20224-eabe-4d95-9e51-15c850e9ae2e: TaskFinished(22,1992,Some(AttributeKey[sbt.BuildStructure]("buildStructure") in Scope(Global)),true,None)
Sending msg to client play-fork-run-43b20224-eabe-4d95-9e51-15c850e9ae2e: TaskStarted(22,1991,Some(AttributeKey[sbt.Settings[sbt.Scope]]("settingsData") in Scope(Global)))
Sending msg to client play-fork-run-43b20224-eabe-4d95-9e51-15c850e9ae2e: TaskFinished(22,1982,Some(AttributeKey[scala.collection.Seq[sbt.UpdateReport]]("transitiveUpdate") in Scope(Build: file:/D:/Surveys/innovativeproject-surveys/web-app/, , Project: ProjectReference(file:/D:/Surveys/innovativeproject-surveys/web-app/,root))),true,None)
Sending msg to client play-fork-run-43b20224-eabe-4d95-9e51-15c850e9ae2e: TaskFinished(22,2023,Some(AttributeKey[scala.collection.Seq[java.lang.String]]("javaOptions") in Scope(Build: file:/D:/Surveys/innovativeproject-surveys/web-app/, )),true,None)
Sending msg to client play-fork-run-43b20224-eabe-4d95-9e51-15c850e9ae2e: TaskFinished(22,2026,Some(AttributeKey[scala.collection.Seq[scala.Tuple2[java.lang.String,java.io.File]]]("playAllAssets") in Scope(Build: file:/D:/Surveys/innovativeproject-surveys/web-app/, , Project: ProjectReference(file:/D:/Surveys/innovativeproject-surveys/web-app/,root))),true,None)
Sending msg to client play-fork-run-43b20224-eabe-4d95-9e51-15c850e9ae2e: TaskFinished(22,2005,Some(AttributeKey[scala.collection.immutable.Map[sbt.ModuleID,sbt.SourcePosition]]("dependencyPositions") in Scope(Build: file:/D:/Surveys/innovativeproject-surveys/web-app/, , Project: ProjectReference(file:/D:/Surveys/innovativeproject-surveys/web-app/,root))),true,None)
Sending msg to client play-fork-run-43b20224-eabe-4d95-9e51-15c850e9ae2e: TaskStarted(22,2004,Some(AttributeKey[sbt.UnresolvedWarningConfiguration]("unresolvedWarningConfiguration") in Scope(Build: file:/D:/Surveys/innovativeproject-surveys/web-app/, , Project: ProjectReference(file:/D:/Surveys/innovativeproject-surveys/web-app/,root), Task: AttributeKey[sbt.UpdateReport]("update"))))
Sending msg to client play-fork-run-43b20224-eabe-4d95-9e51-15c850e9ae2e: TaskFinished(22,1991,Some(AttributeKey[sbt.Settings[sbt.Scope]]("settingsData") in Scope(Global)),true,None)
Sending msg to client play-fork-run-43b20224-eabe-4d95-9e51-15c850e9ae2e: TaskStarted(22,1990,Some(AttributeKey[scala.collection.Seq[sbt.ModuleID]]("projectDependencies") in Scope(Build: file:/D:/Surveys/innovativeproject-surveys/web-app/, , Project: ProjectReference(file:/D:/Surveys/innovativeproject-surveys/web-app/,root))))
Sending msg to client play-fork-run-43b20224-eabe-4d95-9e51-15c850e9ae2e: TaskStarted(22,1997,Some(AttributeKey[scala.collection.immutable.Map[org.apache.ivy.core.module.id.ModuleRevisionId,org.apache.ivy.core.module.descriptor.ModuleDescriptor]]("projectDescriptors") in Scope(Build: file:/D:/Surveys/innovativeproject-surveys/web-app/, , Project: ProjectReference(file:/D:/Surveys/innovativeproject-surveys/web-app/,root))))
Sending msg to client play-fork-run-43b20224-eabe-4d95-9e51-15c850e9ae2e: TaskStarted(22,2011,None)
Sending msg to client play-fork-run-43b20224-eabe-4d95-9e51-15c850e9ae2e: TaskStarted(22,2019,None)
Sending msg to client play-fork-run-43b20224-eabe-4d95-9e51-15c850e9ae2e: TaskStarted(22,2028,Some(AttributeKey[scala.collection.Seq[java.io.File]]("playMonitoredFiles") in Scope(Build: file:/D:/Surveys/innovativeproject-surveys/web-app/, , Project: ProjectReference(file:/D:/Surveys/innovativeproject-surveys/web-app/,root))))
Sending msg to client play-fork-run-43b20224-eabe-4d95-9e51-15c850e9ae2e: TaskFinished(22,2004,Some(AttributeKey[sbt.UnresolvedWarningConfiguration]("unresolvedWarningConfiguration") in Scope(Build: file:/D:/Surveys/innovativeproject-surveys/web-app/, , Project: ProjectReference(file:/D:/Surveys/innovativeproject-surveys/web-app/,root), Task: AttributeKey[sbt.UpdateReport]("update"))),true,None)
Sending msg to client play-fork-run-43b20224-eabe-4d95-9e51-15c850e9ae2e: TaskFinished(22,1990,Some(AttributeKey[scala.collection.Seq[sbt.ModuleID]]("projectDependencies") in Scope(Build: file:/D:/Surveys/innovativeproject-surveys/web-app/, , Project: ProjectReference(file:/D:/Surveys/innovativeproject-surveys/web-app/,root))),true,None)
Sending msg to client play-fork-run-43b20224-eabe-4d95-9e51-15c850e9ae2e: TaskStarted(22,1989,Some(AttributeKey[scala.collection.Seq[sbt.ModuleID]]("allDependencies") in Scope(Build: file:/D:/Surveys/innovativeproject-surveys/web-app/, , Project: ProjectReference(file:/D:/Surveys/innovativeproject-surveys/web-app/,root))))
Sending msg to client play-fork-run-43b20224-eabe-4d95-9e51-15c850e9ae2e: TaskStarted(22,2031,None)
Sending msg to client play-fork-run-43b20224-eabe-4d95-9e51-15c850e9ae2e: TaskStarted(22,2032,None)
Sending msg to client play-fork-run-43b20224-eabe-4d95-9e51-15c850e9ae2e: TaskStarted(22,2036,None)
Sending msg to client play-fork-run-43b20224-eabe-4d95-9e51-15c850e9ae2e: TaskStarted(22,2037,None)
Sending msg to client play-fork-run-43b20224-eabe-4d95-9e51-15c850e9ae2e: TaskStarted(22,2040,None)
Sending msg to client play-fork-run-43b20224-eabe-4d95-9e51-15c850e9ae2e: TaskStarted(22,2041,None)
Sending msg to client play-fork-run-43b20224-eabe-4d95-9e51-15c850e9ae2e: TaskStarted(22,2043,None)
Sending msg to client play-fork-run-43b20224-eabe-4d95-9e51-15c850e9ae2e: TaskStarted(22,2044,None)
Sending msg to client play-fork-run-43b20224-eabe-4d95-9e51-15c850e9ae2e: TaskFinished(22,1989,Some(AttributeKey[scala.collection.Seq[sbt.ModuleID]]("allDependencies") in Scope(Build: file:/D:/Surveys/innovativeproject-surveys/web-app/, , Project: ProjectReference(file:/D:/Surveys/innovativeproject-surveys/web-app/,root))),true,None)
Sending msg to client play-fork-run-43b20224-eabe-4d95-9e51-15c850e9ae2e: TaskStarted(22,1988,Some(AttributeKey[sbt.ModuleSettings]("moduleSettings") in Scope(Build: file:/D:/Surveys/innovativeproject-surveys/web-app/, , Project: ProjectReference(file:/D:/Surveys/innovativeproject-surveys/web-app/,root))))
Sending msg to client play-fork-run-43b20224-eabe-4d95-9e51-15c850e9ae2e: TaskFinished(22,2031,None,true,None)
Sending msg to client play-fork-run-43b20224-eabe-4d95-9e51-15c850e9ae2e: TaskStarted(22,2030,None)
Sending msg to client play-fork-run-43b20224-eabe-4d95-9e51-15c850e9ae2e: TaskFinished(22,2032,None,true,None)
Sending msg to client play-fork-run-43b20224-eabe-4d95-9e51-15c850e9ae2e: TaskFinished(22,2011,None,true,None)
Sending msg to client play-fork-run-43b20224-eabe-4d95-9e51-15c850e9ae2e: TaskFinished(22,2036,None,true,None)
Sending msg to client play-fork-run-43b20224-eabe-4d95-9e51-15c850e9ae2e: TaskFinished(22,2037,None,true,None)
Sending msg to client play-fork-run-43b20224-eabe-4d95-9e51-15c850e9ae2e: TaskStarted(22,2035,Some(AttributeKey[scala.collection.Seq[sbt.Attributed[java.io.File]]]("unmanagedJars") in Scope(Build: file:/D:/Surveys/innovativeproject-surveys/web-app/, , Project: ProjectReference(file:/D:/Surveys/innovativeproject-surveys/web-app/,root), Config: runtime)))
Sending msg to client play-fork-run-43b20224-eabe-4d95-9e51-15c850e9ae2e: TaskFinished(22,2040,None,true,None)
Sending msg to client play-fork-run-43b20224-eabe-4d95-9e51-15c850e9ae2e: TaskFinished(22,2041,None,true,None)
Sending msg to client play-fork-run-43b20224-eabe-4d95-9e51-15c850e9ae2e: TaskStarted(22,2039,Some(AttributeKey[scala.collection.Seq[sbt.Attributed[java.io.File]]]("unmanagedJars") in Scope(Build: file:/D:/Surveys/innovativeproject-surveys/web-app/, , Project: ProjectReference(file:/D:/Surveys/innovativeproject-surveys/web-app/,root), Config: compile)))
Sending msg to client play-fork-run-43b20224-eabe-4d95-9e51-15c850e9ae2e: TaskFinished(22,2043,None,true,None)
Sending msg to client play-fork-run-43b20224-eabe-4d95-9e51-15c850e9ae2e: TaskStarted(22,2042,None)
Sending msg to client play-fork-run-43b20224-eabe-4d95-9e51-15c850e9ae2e: TaskFinished(22,1988,Some(AttributeKey[sbt.ModuleSettings]("moduleSettings") in Scope(Build: file:/D:/Surveys/innovativeproject-surveys/web-app/, , Project: ProjectReference(file:/D:/Surveys/innovativeproject-surveys/web-app/,root))),true,None)
Sending msg to client play-fork-run-43b20224-eabe-4d95-9e51-15c850e9ae2e: TaskFinished(22,2030,None,true,None)
Sending msg to client play-fork-run-43b20224-eabe-4d95-9e51-15c850e9ae2e: TaskFinished(22,1997,Some(AttributeKey[scala.collection.immutable.Map[org.apache.ivy.core.module.id.ModuleRevisionId,org.apache.ivy.core.module.descriptor.ModuleDescriptor]]("projectDescriptors") in Scope(Build: file:/D:/Surveys/innovativeproject-surveys/web-app/, , Project: ProjectReference(file:/D:/Surveys/innovativeproject-surveys/web-app/,root))),true,None)
Sending msg to client play-fork-run-43b20224-eabe-4d95-9e51-15c850e9ae2e: TaskStarted(22,1996,Some(AttributeKey[sbt.Resolver]("projectResolver") in Scope(Build: file:/D:/Surveys/innovativeproject-surveys/web-app/, , Project: ProjectReference(file:/D:/Surveys/innovativeproject-surveys/web-app/,root))))
Sending msg to client play-fork-run-43b20224-eabe-4d95-9e51-15c850e9ae2e: TaskFinished(22,2044,None,true,None)
Sending msg to client play-fork-run-43b20224-eabe-4d95-9e51-15c850e9ae2e: TaskFinished(22,2028,Some(AttributeKey[scala.collection.Seq[java.io.File]]("playMonitoredFiles") in Scope(Build: file:/D:/Surveys/innovativeproject-surveys/web-app/, , Project: ProjectReference(file:/D:/Surveys/innovativeproject-surveys/web-app/,root))),true,None)
Sending msg to client play-fork-run-43b20224-eabe-4d95-9e51-15c850e9ae2e: TaskFinished(22,2035,Some(AttributeKey[scala.collection.Seq[sbt.Attributed[java.io.File]]]("unmanagedJars") in Scope(Build: file:/D:/Surveys/innovativeproject-surveys/web-app/, , Project: ProjectReference(file:/D:/Surveys/innovativeproject-surveys/web-app/,root), Config: runtime)),true,None)
Sending msg to client play-fork-run-43b20224-eabe-4d95-9e51-15c850e9ae2e: TaskFinished(22,2039,Some(AttributeKey[scala.collection.Seq[sbt.Attributed[java.io.File]]]("unmanagedJars") in Scope(Build: file:/D:/Surveys/innovativeproject-surveys/web-app/, , Project: ProjectReference(file:/D:/Surveys/innovativeproject-surveys/web-app/,root), Config: compile)),true,None)
Sending msg to client play-fork-run-43b20224-eabe-4d95-9e51-15c850e9ae2e: TaskStarted(22,2045,None)
Sending msg to client play-fork-run-43b20224-eabe-4d95-9e51-15c850e9ae2e: TaskFinished(22,1996,Some(AttributeKey[sbt.Resolver]("projectResolver") in Scope(Build: file:/D:/Surveys/innovativeproject-surveys/web-app/, , Project: ProjectReference(file:/D:/Surveys/innovativeproject-surveys/web-app/,root))),true,None)
Sending msg to client play-fork-run-43b20224-eabe-4d95-9e51-15c850e9ae2e: TaskStarted(22,1995,Some(AttributeKey[scala.collection.Seq[sbt.Resolver]]("fullResolvers") in Scope(Build: file:/D:/Surveys/innovativeproject-surveys/web-app/, , Project: ProjectReference(file:/D:/Surveys/innovativeproject-surveys/web-app/,root))))
Sending msg to client play-fork-run-43b20224-eabe-4d95-9e51-15c850e9ae2e: TaskFinished(22,2045,None,true,None)
Sending msg to client play-fork-run-43b20224-eabe-4d95-9e51-15c850e9ae2e: TaskFinished(22,2042,None,true,None)
Sending msg to client play-fork-run-43b20224-eabe-4d95-9e51-15c850e9ae2e: TaskStarted(22,2038,Some(AttributeKey[scala.collection.Seq[sbt.Attributed[java.io.File]]]("unmanagedJars") in Scope(Build: file:/D:/Surveys/innovativeproject-surveys/web-app/, , Project: ProjectReference(file:/D:/Surveys/innovativeproject-surveys/web-app/,root), Config: compile)))
Sending msg to client play-fork-run-43b20224-eabe-4d95-9e51-15c850e9ae2e: TaskFinished(22,1995,Some(AttributeKey[scala.collection.Seq[sbt.Resolver]]("fullResolvers") in Scope(Build: file:/D:/Surveys/innovativeproject-surveys/web-app/, , Project: ProjectReference(file:/D:/Surveys/innovativeproject-surveys/web-app/,root))),true,None)
Sending msg to client play-fork-run-43b20224-eabe-4d95-9e51-15c850e9ae2e: TaskStarted(22,1994,Some(AttributeKey[sbt.IvyConfiguration]("ivyConfiguration") in Scope(Build: file:/D:/Surveys/innovativeproject-surveys/web-app/, , Project: ProjectReference(file:/D:/Surveys/innovativeproject-surveys/web-app/,root))))
Sending msg to client play-fork-run-43b20224-eabe-4d95-9e51-15c850e9ae2e: TaskFinished(22,2038,Some(AttributeKey[scala.collection.Seq[sbt.Attributed[java.io.File]]]("unmanagedJars") in Scope(Build: file:/D:/Surveys/innovativeproject-surveys/web-app/, , Project: ProjectReference(file:/D:/Surveys/innovativeproject-surveys/web-app/,root), Config: compile)),true,None)
Sending msg to client play-fork-run-43b20224-eabe-4d95-9e51-15c850e9ae2e: TaskStarted(22,2034,None)
Sending msg to client play-fork-run-43b20224-eabe-4d95-9e51-15c850e9ae2e: TaskFinished(22,1994,Some(AttributeKey[sbt.IvyConfiguration]("ivyConfiguration") in Scope(Build: file:/D:/Surveys/innovativeproject-surveys/web-app/, , Project: ProjectReference(file:/D:/Surveys/innovativeproject-surveys/web-app/,root))),true,None)
Sending msg to client play-fork-run-43b20224-eabe-4d95-9e51-15c850e9ae2e: TaskStarted(22,1993,Some(AttributeKey[sbt.IvySbt]("ivySbt") in Scope(Build: file:/D:/Surveys/innovativeproject-surveys/web-app/, , Project: ProjectReference(file:/D:/Surveys/innovativeproject-surveys/web-app/,root))))
Sending msg to client play-fork-run-43b20224-eabe-4d95-9e51-15c850e9ae2e: TaskFinished(22,2034,None,true,None)
Sending msg to client play-fork-run-43b20224-eabe-4d95-9e51-15c850e9ae2e: TaskStarted(22,2033,None)
Sending msg to client play-fork-run-43b20224-eabe-4d95-9e51-15c850e9ae2e: TaskFinished(22,1993,Some(AttributeKey[sbt.IvySbt]("ivySbt") in Scope(Build: file:/D:/Surveys/innovativeproject-surveys/web-app/, , Project: ProjectReference(file:/D:/Surveys/innovativeproject-surveys/web-app/,root))),true,None)
Sending msg to client play-fork-run-43b20224-eabe-4d95-9e51-15c850e9ae2e: TaskStarted(22,1987,Some(AttributeKey[sbt.IvySbt$Module]("ivyModule") in Scope(Build: file:/D:/Surveys/innovativeproject-surveys/web-app/, , Project: ProjectReference(file:/D:/Surveys/innovativeproject-surveys/web-app/,root))))
Sending msg to client play-fork-run-43b20224-eabe-4d95-9e51-15c850e9ae2e: TaskFinished(22,2033,None,true,None)
Sending msg to client play-fork-run-43b20224-eabe-4d95-9e51-15c850e9ae2e: TaskFinished(22,2019,None,true,None)
Sending msg to client play-fork-run-43b20224-eabe-4d95-9e51-15c850e9ae2e: TaskStarted(22,2017,Some(AttributeKey[scala.collection.Seq[sbt.Attributed[java.io.File]]]("unmanagedClasspath") in Scope(Build: file:/D:/Surveys/innovativeproject-surveys/web-app/, , Project: ProjectReference(file:/D:/Surveys/innovativeproject-surveys/web-app/,root), Config: runtime)))
Sending msg to client play-fork-run-43b20224-eabe-4d95-9e51-15c850e9ae2e: TaskFinished(22,1987,Some(AttributeKey[sbt.IvySbt$Module]("ivyModule") in Scope(Build: file:/D:/Surveys/innovativeproject-surveys/web-app/, , Project: ProjectReference(file:/D:/Surveys/innovativeproject-surveys/web-app/,root))),true,None)
Sending msg to client play-fork-run-43b20224-eabe-4d95-9e51-15c850e9ae2e: TaskStarted(22,1981,Some(AttributeKey[sbt.UpdateReport]("update") in Scope(Build: file:/D:/Surveys/innovativeproject-surveys/web-app/, , Project: ProjectReference(file:/D:/Surveys/innovativeproject-surveys/web-app/,root))))
Sending msg to client play-fork-run-43b20224-eabe-4d95-9e51-15c850e9ae2e: TaskFinished(22,2017,Some(AttributeKey[scala.collection.Seq[sbt.Attributed[java.io.File]]]("unmanagedClasspath") in Scope(Build: file:/D:/Surveys/innovativeproject-surveys/web-app/, , Project: ProjectReference(file:/D:/Surveys/innovativeproject-surveys/web-app/,root), Config: runtime)),true,None)
Sending msg to client play-fork-run-43b20224-eabe-4d95-9e51-15c850e9ae2e: TaskFinished(22,1981,Some(AttributeKey[sbt.UpdateReport]("update") in Scope(Build: file:/D:/Surveys/innovativeproject-surveys/web-app/, , Project: ProjectReference(file:/D:/Surveys/innovativeproject-surveys/web-app/,root))),true,None)
Sending msg to client play-fork-run-43b20224-eabe-4d95-9e51-15c850e9ae2e: TaskStarted(22,1980,Some(AttributeKey[sbt.UpdateReport]("update") in Scope(Build: file:/D:/Surveys/innovativeproject-surveys/web-app/, , Project: ProjectReference(file:/D:/Surveys/innovativeproject-surveys/web-app/,root))))
Sending msg to client play-fork-run-43b20224-eabe-4d95-9e51-15c850e9ae2e: TaskFinished(22,1980,Some(AttributeKey[sbt.UpdateReport]("update") in Scope(Build: file:/D:/Surveys/innovativeproject-surveys/web-app/, , Project: ProjectReference(file:/D:/Surveys/innovativeproject-surveys/web-app/,root))),true,None)
Sending msg to client play-fork-run-43b20224-eabe-4d95-9e51-15c850e9ae2e: TaskStarted(22,2015,Some(AttributeKey[sbt.Configuration]("classpathConfiguration") in Scope(Build: file:/D:/Surveys/innovativeproject-surveys/web-app/, , Project: ProjectReference(file:/D:/Surveys/innovativeproject-surveys/web-app/,root), Config: compile)))
Sending msg to client play-fork-run-43b20224-eabe-4d95-9e51-15c850e9ae2e: TaskStarted(22,2020,Some(AttributeKey[scala.collection.Seq[sbt.Attributed[java.io.File]]]("managedClasspath") in Scope(Build: file:/D:/Surveys/innovativeproject-surveys/web-app/, , Project: ProjectReference(file:/D:/Surveys/innovativeproject-surveys/web-app/,root), Config: docs)))
Sending msg to client play-fork-run-43b20224-eabe-4d95-9e51-15c850e9ae2e: TaskFinished(22,2015,Some(AttributeKey[sbt.Configuration]("classpathConfiguration") in Scope(Build: file:/D:/Surveys/innovativeproject-surveys/web-app/, , Project: ProjectReference(file:/D:/Surveys/innovativeproject-surveys/web-app/,root), Config: compile)),true,None)
Sending msg to client play-fork-run-43b20224-eabe-4d95-9e51-15c850e9ae2e: TaskStarted(22,2014,None)
Sending msg to client play-fork-run-43b20224-eabe-4d95-9e51-15c850e9ae2e: TaskFinished(22,2020,Some(AttributeKey[scala.collection.Seq[sbt.Attributed[java.io.File]]]("managedClasspath") in Scope(Build: file:/D:/Surveys/innovativeproject-surveys/web-app/, , Project: ProjectReference(file:/D:/Surveys/innovativeproject-surveys/web-app/,root), Config: docs)),true,None)
Sending msg to client play-fork-run-43b20224-eabe-4d95-9e51-15c850e9ae2e: TaskStarted(22,2022,Some(AttributeKey[scala.Option[java.io.File]]("playDocsJar") in Scope(Build: file:/D:/Surveys/innovativeproject-surveys/web-app/, , Project: ProjectReference(file:/D:/Surveys/innovativeproject-surveys/web-app/,root))))
Sending msg to client play-fork-run-43b20224-eabe-4d95-9e51-15c850e9ae2e: TaskFinished(22,2014,None,true,None)
Sending msg to client play-fork-run-43b20224-eabe-4d95-9e51-15c850e9ae2e: TaskStarted(22,2013,Some(AttributeKey[sbt.Configuration]("classpathConfiguration") in Scope(Build: file:/D:/Surveys/innovativeproject-surveys/web-app/, , Project: ProjectReference(file:/D:/Surveys/innovativeproject-surveys/web-app/,root), Config: runtime)))
Sending msg to client play-fork-run-43b20224-eabe-4d95-9e51-15c850e9ae2e: TaskFinished(22,2022,Some(AttributeKey[scala.Option[java.io.File]]("playDocsJar") in Scope(Build: file:/D:/Surveys/innovativeproject-surveys/web-app/, , Project: ProjectReference(file:/D:/Surveys/innovativeproject-surveys/web-app/,root))),true,None)
Sending msg to client play-fork-run-43b20224-eabe-4d95-9e51-15c850e9ae2e: TaskFinished(22,2013,Some(AttributeKey[sbt.Configuration]("classpathConfiguration") in Scope(Build: file:/D:/Surveys/innovativeproject-surveys/web-app/, , Project: ProjectReference(file:/D:/Surveys/innovativeproject-surveys/web-app/,root), Config: runtime)),true,None)
Sending msg to client play-fork-run-43b20224-eabe-4d95-9e51-15c850e9ae2e: TaskStarted(22,1979,None)
Sending msg to client play-fork-run-43b20224-eabe-4d95-9e51-15c850e9ae2e: TaskFinished(22,1979,None,true,None)
Sending msg to client play-fork-run-43b20224-eabe-4d95-9e51-15c850e9ae2e: TaskStarted(22,1977,Some(AttributeKey[scala.collection.Seq[sbt.Attributed[java.io.File]]]("managedClasspath") in Scope(Build: file:/D:/Surveys/innovativeproject-surveys/web-app/, , Project: ProjectReference(file:/D:/Surveys/innovativeproject-surveys/web-app/,root), Config: runtime)))
Sending msg to client play-fork-run-43b20224-eabe-4d95-9e51-15c850e9ae2e: TaskFinished(22,1977,Some(AttributeKey[scala.collection.Seq[sbt.Attributed[java.io.File]]]("managedClasspath") in Scope(Build: file:/D:/Surveys/innovativeproject-surveys/web-app/, , Project: ProjectReference(file:/D:/Surveys/innovativeproject-surveys/web-app/,root), Config: runtime)),true,None)
Sending msg to client play-fork-run-43b20224-eabe-4d95-9e51-15c850e9ae2e: TaskStarted(22,1976,None)
Sending msg to client play-fork-run-43b20224-eabe-4d95-9e51-15c850e9ae2e: TaskFinished(22,1976,None,true,None)
Sending msg to client play-fork-run-43b20224-eabe-4d95-9e51-15c850e9ae2e: TaskStarted(22,1973,Some(AttributeKey[scala.collection.Seq[sbt.Attributed[java.io.File]]]("playDependencyClasspath") in Scope(Build: file:/D:/Surveys/innovativeproject-surveys/web-app/, , Project: ProjectReference(file:/D:/Surveys/innovativeproject-surveys/web-app/,root))))
Sending msg to client play-fork-run-43b20224-eabe-4d95-9e51-15c850e9ae2e: TaskFinished(22,1973,Some(AttributeKey[scala.collection.Seq[sbt.Attributed[java.io.File]]]("playDependencyClasspath") in Scope(Build: file:/D:/Surveys/innovativeproject-surveys/web-app/, , Project: ProjectReference(file:/D:/Surveys/innovativeproject-surveys/web-app/,root))),true,None)
Sending msg to client play-fork-run-43b20224-eabe-4d95-9e51-15c850e9ae2e: TaskStarted(22,1972,Some(AttributeKey[play.forkrun.protocol.ForkConfig]("playForkConfig") in Scope(Build: file:/D:/Surveys/innovativeproject-surveys/web-app/, , Project: ProjectReference(file:/D:/Surveys/innovativeproject-surveys/web-app/,root))))
Sending msg to client play-fork-run-43b20224-eabe-4d95-9e51-15c850e9ae2e: TaskFinished(22,1972,Some(AttributeKey[play.forkrun.protocol.ForkConfig]("playForkConfig") in Scope(Build: file:/D:/Surveys/innovativeproject-surveys/web-app/, , Project: ProjectReference(file:/D:/Surveys/innovativeproject-surveys/web-app/,root))),true,None)
Sending msg to client play-fork-run-43b20224-eabe-4d95-9e51-15c850e9ae2e: DetachedLogEvent(LogStdErr(No dynamic serializer found (using manifest play.forkrun.protocol.ForkConfig) for ForkConfig(D:\Surveys\innovativeproject-surveys\web-app,List(-Djna.nosys=true),List(D:\activator\repository\org.scala-lang\scala-library\2.11.7\jars\scala-library.jar, D:\activator\repository\com.typesafe.play\play-enhancer\1.1.0\jars\play-enhancer.jar, D:\activator\repository\com.typesafe.play\twirl-api_2.11\1.1.1\jars\twirl-api_2.11.jar, D:\activator\repository\org.apache.commons\commons-lang3\3.4\jars\commons-lang3.jar, C:\Users\FantyG\.ivy2\cache\org.scala-lang.modules\scala-xml_2.11\bundles\scala-xml_2.11-1.0.1.jar, C:\Users\FantyG\.ivy2\cache\com.typesafe.play\play-ebean_2.11\jars\play-ebean_2.11-3.0.0.jar, D:\activator\repository\com.typesafe.play\play-java-jdbc_2.11\2.5.9\jars\play-java-jdbc_2.11.jar, D:\activator\repository\com.typesafe.play\play-jdbc_2.11\2.5.9\jars\play-jdbc_2.11.jar, D:\activator\repository\com.typesafe.play\play-jdbc-api_2.11\2.5.9\jars\play-jdbc-api_2.11.jar, D:\activator\repository\com.typesafe.play\play_2.11\2.5.9\jars\play_2.11.jar, D:\activator\repository\com.typesafe.play\build-link\2.5.9\jars\build-link.jar, D:\activator\repository\com.typesafe.play\play-exceptions\2.5.9\jars\play-exceptions.jar, D:\activator\repository\com.typesafe.play\play-iteratees_2.11\2.5.9\jars\play-iteratees_2.11.jar, C:\Users\FantyG\.ivy2\cache\org.scala-stm\scala-stm_2.11\jars\scala-stm_2.11-0.7.jar, D:\activator\repository\com.typesafe\config\1.3.0\bundles\config.jar, D:\activator\repository\com.typesafe.play\play-json_2.11\2.5.9\jars\play-json_2.11.jar, D:\activator\repository\com.typesafe.play\play-functional_2.11\2.5.9\jars\play-functional_2.11.jar, D:\activator\repository\com.typesafe.play\play-datacommons_2.11\2.5.9\jars\play-datacommons_2.11.jar, D:\activator\repository\joda-time\joda-time\2.9.4\jars\joda-time.jar, D:\activator\repository\org.joda\joda-convert\1.8.1\jars\joda-convert.jar, D:\activator\repository\org.scala-lang\scala-reflect\2.11.7\jars\scala-reflect.jar, D:\activator\repository\com.fasterxml.jackson.core\jackson-core\2.7.6\bundles\jackson-core.jar, D:\activator\repository\com.fasterxml.jackson.core\jackson-annotations\2.7.6\bundles\jackson-annotations.jar, D:\activator\repository\com.fasterxml.jackson.core\jackson-databind\2.7.6\bundles\jackson-databind.jar, D:\activator\repository\com.fasterxml.jackson.datatype\jackson-datatype-jdk8\2.7.6\bundles\jackson-datatype-jdk8.jar, D:\activator\repository\com.fasterxml.jackson.datatype\jackson-datatype-jsr310\2.7.6\bundles\jackson-datatype-jsr310.jar, D:\activator\repository\com.typesafe.play\play-netty-utils\2.5.9\jars\play-netty-utils.jar, D:\activator\repository\org.slf4j\slf4j-api\1.7.21\jars\slf4j-api.jar, D:\activator\repository\org.slf4j\jul-to-slf4j\1.7.21\jars\jul-to-slf4j.jar, D:\activator\repository\org.slf4j\jcl-over-slf4j\1.7.21\jars\jcl-over-slf4j.jar, D:\activator\repository\com.typesafe.play\play-streams_2.11\2.5.9\jars\play-streams_2.11.jar, D:\activator\repository\org.reactivestreams\reactive-streams\1.0.0\jars\reactive-streams.jar, D:\activator\repository\com.typesafe.akka\akka-stream_2.11\2.4.10\jars\akka-stream_2.11.jar, D:\activator\repository\com.typesafe.akka\akka-actor_2.11\2.4.10\jars\akka-actor_2.11.jar, D:\activator\repository\org.scala-lang.modules\scala-java8-compat_2.11\0.7.0\bundles\scala-java8-compat_2.11.jar, D:\activator\repository\com.typesafe\ssl-config-akka_2.11\0.2.1\bundles\ssl-config-akka_2.11.jar, D:\activator\repository\com.typesafe\ssl-config-core_2.11\0.2.1\bundles\ssl-config-core_2.11.jar, C:\Users\FantyG\.ivy2\cache\org.scala-lang.modules\scala-parser-combinators_2.11\bundles\scala-parser-combinators_2.11-1.0.4.jar, D:\activator\repository\com.typesafe.akka\akka-slf4j_2.11\2.4.10\jars\akka-slf4j_2.11.jar, D:\activator\repository\commons-codec\commons-codec\1.10\jars\commons-codec.jar, C:\Users\FantyG\.ivy2\cache\xerces\xercesImpl\jars\xercesImpl-2.11.0.jar, C:\Users\FantyG\.ivy2\cache\xml-apis\xml-apis\jars\xml-apis-1.4.01.jar, C:\Users\FantyG\.ivy2\cache\javax.transaction\jta\jars\jta-1.1.jar, D:\activator\repository\com.google.inject\guice\4.0\jars\guice.jar, D:\activator\repository\javax.inject\javax.inject\1\jars\javax.inject.jar, D:\activator\repository\aopalliance\aopalliance\1.0\jars\aopalliance.jar, D:\activator\repository\com.google.inject.extensions\guice-assistedinject\4.0\jars\guice-assistedinject.jar, D:\activator\repository\com.jolbox\bonecp\0.8.0.RELEASE\bundles\bonecp.jar, D:\activator\repository\com.zaxxer\HikariCP\2.5.1\bundles\HikariCP.jar, D:\activator\repository\com.googlecode.usc\jdbcdslog\1.0.6.2\jars\jdbcdslog.jar, D:\activator\repository\com.h2database\h2\1.4.192\jars\h2.jar, D:\activator\repository\tyrex\tyrex\1.0.1\jars\tyrex.jar, D:\activator\repository\com.typesafe.play\play-java_2.11\2.5.9\jars\play-java_2.11.jar, D:\activator\repository\org.yaml\snakeyaml\1.16\bundles\snakeyaml.jar, D:\activator\repository\org.hibernate\hibernate-validator\5.2.4.Final\jars\hibernate-validator.jar, D:\activator\repository\javax.validation\validation-api\1.1.0.Final\jars\validation-api.jar, D:\activator\repository\org.jboss.logging\jboss-logging\3.2.1.Final\jars\jboss-logging.jar, D:\activator\repository\com.fasterxml\classmate\1.1.0\bundles\classmate.jar, D:\activator\repository\javax.el\javax.el-api\3.0.0\jars\javax.el-api.jar, D:\activator\repository\org.springframework\spring-context\4.2.7.RELEASE\jars\spring-context.jar, D:\activator\repository\org.springframework\spring-core\4.2.7.RELEASE\jars\spring-core.jar, D:\activator\repository\org.springframework\spring-beans\4.2.7.RELEASE\jars\spring-beans.jar, D:\activator\repository\org.reflections\reflections\0.9.10\jars\reflections.jar, D:\activator\repository\com.google.guava\guava\19.0\bundles\guava.jar, D:\activator\repository\net.jodah\typetools\0.4.4\bundles\typetools.jar, D:\activator\repository\com.google.code.findbugs\jsr305\3.0.1\jars\jsr305.jar, D:\activator\repository\org.apache.tomcat\tomcat-servlet-api\8.0.33\jars\tomcat-servlet-api.jar, C:\Users\FantyG\.ivy2\cache\com.typesafe.play\play-jdbc-evolutions_2.11\jars\play-jdbc-evolutions_2.11-2.5.0.jar, C:\Users\FantyG\.ivy2\cache\org.avaje.ebeanorm\avaje-ebeanorm\jars\avaje-ebeanorm-6.18.1.jar, C:\Users\FantyG\.ivy2\cache\org.jetbrains\annotations\jars\annotations-13.0.jar, C:\Users\FantyG\.ivy2\cache\javax.persistence\persistence-api\jars\persistence-api-1.0.jar, C:\Users\FantyG\.ivy2\cache\org.avaje.ebeanorm\avaje-ebeanorm-agent\jars\avaje-ebeanorm-agent-4.9.1.jar, D:\activator\repository\com.typesafe.play\play-server_2.11\2.5.9\jars\play-server_2.11.jar, D:\activator\repository\com.typesafe.play\play-netty-server_2.11\2.5.9\jars\play-netty-server_2.11.jar, D:\activator\repository\com.typesafe.netty\netty-reactive-streams-http\1.0.8\jars\netty-reactive-streams-http.jar, D:\activator\repository\com.typesafe.netty\netty-reactive-streams\1.0.8\jars\netty-reactive-streams.jar, D:\activator\repository\io.netty\netty-handler\4.0.41.Final\jars\netty-handler.jar, D:\activator\repository\io.netty\netty-buffer\4.0.41.Final\jars\netty-buffer.jar, D:\activator\repository\io.netty\netty-common\4.0.41.Final\jars\netty-common.jar, D:\activator\repository\io.netty\netty-transport\4.0.41.Final\jars\netty-transport.jar, D:\activator\repository\io.netty\netty-codec\4.0.41.Final\jars\netty-codec.jar, D:\activator\repository\io.netty\netty-codec-http\4.0.41.Final\jars\netty-codec-http.jar, C:\Users\FantyG\.ivy2\cache\io.netty\netty-transport-native-epoll\jars\netty-transport-native-epoll-4.0.41.Final.jar, D:\activator\repository\com.typesafe.play\play-logback_2.11\2.5.9\jars\play-logback_2.11.jar, D:\activator\repository\ch.qos.logback\logback-classic\1.1.7\jars\logback-classic.jar, D:\activator\repository\ch.qos.logback\logback-core\1.1.7\jars\logback-core.jar, D:\activator\repository\com.typesafe.play\play-cache_2.11\2.5.9\jars\play-cache_2.11.jar, D:\activator\repository\net.sf.ehcache\ehcache-core\2.6.11\jars\ehcache-core.jar, D:\activator\repository\com.typesafe.play\play-java-ws_2.11\2.5.9\jars\play-java-ws_2.11.jar, D:\activator\repository\com.typesafe.play\play-ws_2.11\2.5.9\jars\play-ws_2.11.jar, D:\activator\repository\org.asynchttpclient\async-http-client\2.0.11\jars\async-http-client.jar, D:\activator\repository\org.asynchttpclient\netty-resolver-dns\2.0.11\jars\netty-resolver-dns.jar, D:\activator\repository\org.asynchttpclient\netty-resolver\2.0.11\jars\netty-resolver.jar, D:\activator\repository\org.asynchttpclient\netty-codec-dns\2.0.11\jars\netty-codec-dns.jar, D:\activator\repository\org.javassist\javassist\3.20.0-GA\bundles\javassist.jar, C:\Users\FantyG\.ivy2\cache\oauth.signpost\signpost-core\jars\signpost-core-1.2.1.2.jar, C:\Users\FantyG\.ivy2\cache\oauth.signpost\signpost-commonshttp4\jars\signpost-commonshttp4-1.2.1.2.jar, D:\activator\repository\org.apache.httpcomponents\httpcore\4.0.1\jars\httpcore.jar, D:\activator\repository\org.apache.httpcomponents\httpclient\4.0.1\jars\httpclient.jar, C:\Users\FantyG\.ivy2\cache\commons-logging\commons-logging\jars\commons-logging-1.1.1.jar, C:\Users\FantyG\.ivy2\cache\io.swagger\swagger-play2_2.11\jars\swagger-play2_2.11-1.5.1.jar, C:\Users\FantyG\.ivy2\cache\io.swagger\swagger-core\bundles\swagger-core-1.5.6.jar, C:\Users\FantyG\.ivy2\cache\com.fasterxml.jackson.datatype\jackson-datatype-joda\bundles\jackson-datatype-joda-2.4.5.jar, C:\Users\FantyG\.ivy2\cache\com.fasterxml.jackson.dataformat\jackson-dataformat-yaml\bundles\jackson-dataformat-yaml-2.4.5.jar, C:\Users\FantyG\.ivy2\cache\io.swagger\swagger-models\bundles\swagger-models-1.5.6.jar, C:\Users\FantyG\.ivy2\cache\io.swagger\swagger-annotations\bundles\swagger-annotations-1.5.6.jar, C:\Users\FantyG\.ivy2\cache\io.swagger\swagger-scala-module_2.11\jars\swagger-scala-module_2.11-1.0.0.jar, C:\Users\FantyG\.ivy2\cache\com.fasterxml.jackson.module\jackson-module-scala_2.11\bundles\jackson-module-scala_2.11-2.4.2.jar, C:\Users\FantyG\.ivy2\cache\com.thoughtworks.paranamer\paranamer\jars\paranamer-2.6.jar, C:\Users\FantyG\.ivy2\cache\com.typesafe.play\routes-compiler_2.11\jars\routes-compiler_2.11-2.4.6.jar, D:\activator\repository\commons-io\commons-io\2.4\jars\commons-io.jar, C:\Users\FantyG\.ivy2\cache\com.adrianhurt\play-bootstrap_2.11\jars\play-bootstrap_2.11-1.0-P25-B3.jar, C:\Users\FantyG\.ivy2\cache\com.typesafe.play\filters-helpers_2.11\jars\filters-helpers_2.11-2.5.0.jar, C:\Users\FantyG\.ivy2\cache\com.adrianhurt\play-bootstrap-core_2.11\jars\play-bootstrap-core_2.11-1.0-P25.jar, C:\Users\FantyG\.ivy2\cache\org.webjars\bootstrap\jars\bootstrap-3.3.6.jar, C:\Users\FantyG\.ivy2\cache\org.webjars\jquery\jars\jquery-2.1.4.jar),List((public/,D:\Surveys\innovativeproject-surveys\web-app\target\web\public\main)),List(D:\activator\repository\com.typesafe.play\play-omnidoc_2.11\2.5.9\jars\play-omnidoc_2.11.jar, D:\activator\repository\org.scala-lang\scala-library\2.11.7\jars\scala-library.jar, D:\activator\repository\com.typesafe.play\play-docs_2.11\2.5.9\jars\play-docs_2.11.jar, D:\activator\repository\com.typesafe.play\play-netty-server_2.11\2.5.9\jars\play-netty-server_2.11.jar, D:\activator\repository\com.typesafe.play\play-server_2.11\2.5.9\jars\play-server_2.11.jar, D:\activator\repository\com.typesafe.play\play_2.11\2.5.9\jars\play_2.11.jar, D:\activator\repository\com.typesafe.play\build-link\2.5.9\jars\build-link.jar, D:\activator\repository\com.typesafe.play\play-exceptions\2.5.9\jars\play-exceptions.jar, D:\activator\repository\com.typesafe.play\play-iteratees_2.11\2.5.9\jars\play-iteratees_2.11.jar, C:\Users\FantyG\.ivy2\cache\org.scala-stm\scala-stm_2.11\jars\scala-stm_2.11-0.7.jar, D:\activator\repository\com.typesafe\config\1.3.0\bundles\config.jar, D:\activator\repository\com.typesafe.play\play-json_2.11\2.5.9\jars\play-json_2.11.jar, D:\activator\repository\com.typesafe.play\play-functional_2.11\2.5.9\jars\play-functional_2.11.jar, D:\activator\repository\com.typesafe.play\play-datacommons_2.11\2.5.9\jars\play-datacommons_2.11.jar, D:\activator\repository\joda-time\joda-time\2.9.4\jars\joda-time.jar, D:\activator\repository\org.joda\joda-convert\1.8.1\jars\joda-convert.jar, D:\activator\repository\org.scala-lang\scala-reflect\2.11.7\jars\scala-reflect.jar, D:\activator\repository\com.fasterxml.jackson.core\jackson-core\2.7.6\bundles\jackson-core.jar, D:\activator\repository\com.fasterxml.jackson.core\jackson-annotations\2.7.6\bundles\jackson-annotations.jar, D:\activator\repository\com.fasterxml.jackson.core\jackson-databind\2.7.6\bundles\jackson-databind.jar, D:\activator\repository\com.fasterxml.jackson.datatype\jackson-datatype-jdk8\2.7.6\bundles\jackson-datatype-jdk8.jar, D:\activator\repository\com.fasterxml.jackson.datatype\jackson-datatype-jsr310\2.7.6\bundles\jackson-datatype-jsr310.jar, D:\activator\repository\com.typesafe.play\play-netty-utils\2.5.9\jars\play-netty-utils.jar, D:\activator\repository\org.slf4j\slf4j-api\1.7.21\jars\slf4j-api.jar, D:\activator\repository\org.slf4j\jul-to-slf4j\1.7.21\jars\jul-to-slf4j.jar, D:\activator\repository\org.slf4j\jcl-over-slf4j\1.7.21\jars\jcl-over-slf4j.jar, D:\activator\repository\com.typesafe.play\play-streams_2.11\2.5.9\jars\play-streams_2.11.jar, D:\activator\repository\org.reactivestreams\reactive-streams\1.0.0\jars\reactive-streams.jar, D:\activator\repository\com.typesafe.akka\akka-stream_2.11\2.4.10\jars\akka-stream_2.11.jar, D:\activator\repository\com.typesafe.akka\akka-actor_2.11\2.4.10\jars\akka-actor_2.11.jar, D:\activator\repository\org.scala-lang.modules\scala-java8-compat_2.11\0.7.0\bundles\scala-java8-compat_2.11.jar, D:\activator\repository\com.typesafe\ssl-config-akka_2.11\0.2.1\bundles\ssl-config-akka_2.11.jar, D:\activator\repository\com.typesafe\ssl-config-core_2.11\0.2.1\bundles\ssl-config-core_2.11.jar, C:\Users\FantyG\.ivy2\cache\org.scala-lang.modules\scala-parser-combinators_2.11\bundles\scala-parser-combinators_2.11-1.0.4.jar, D:\activator\repository\com.typesafe.play\twirl-api_2.11\1.1.1\jars\twirl-api_2.11.jar, D:\activator\repository\org.apache.commons\commons-lang3\3.4\jars\commons-lang3.jar, C:\Users\FantyG\.ivy2\cache\org.scala-lang.modules\scala-xml_2.11\bundles\scala-xml_2.11-1.0.1.jar, D:\activator\repository\com.typesafe.akka\akka-slf4j_2.11\2.4.10\jars\akka-slf4j_2.11.jar, D:\activator\repository\commons-codec\commons-codec\1.10\jars\commons-codec.jar, C:\Users\FantyG\.ivy2\cache\xerces\xercesImpl\jars\xercesImpl-2.11.0.jar, C:\Users\FantyG\.ivy2\cache\xml-apis\xml-apis\jars\xml-apis-1.4.01.jar, C:\Users\FantyG\.ivy2\cache\javax.transaction\jta\jars\jta-1.1.jar, D:\activator\repository\com.google.inject\guice\4.0\jars\guice.jar, D:\activator\repository\javax.inject\javax.inject\1\jars\javax.inject.jar, D:\activator\repository\aopalliance\aopalliance\1.0\jars\aopalliance.jar, C:\Users\FantyG\.ivy2\cache\com.google.guava\guava\bundles\guava-16.0.1.jar, D:\activator\repository\com.google.inject.extensions\guice-assistedinject\4.0\jars\guice-assistedinject.jar, D:\activator\repository\com.typesafe.netty\netty-reactive-streams-http\1.0.8\jars\netty-reactive-streams-http.jar, D:\activator\repository\com.typesafe.netty\netty-reactive-streams\1.0.8\jars\netty-reactive-streams.jar, D:\activator\repository\io.netty\netty-handler\4.0.41.Final\jars\netty-handler.jar, D:\activator\repository\io.netty\netty-buffer\4.0.41.Final\jars\netty-buffer.jar, D:\activator\repository\io.netty\netty-common\4.0.41.Final\jars\netty-common.jar, D:\activator\repository\io.netty\netty-transport\4.0.41.Final\jars\netty-transport.jar, D:\activator\repository\io.netty\netty-codec\4.0.41.Final\jars\netty-codec.jar, D:\activator\repository\io.netty\netty-codec-http\4.0.41.Final\jars\netty-codec-http.jar, C:\Users\FantyG\.ivy2\cache\io.netty\netty-transport-native-epoll\jars\netty-transport-native-epoll-4.0.41.Final.jar, D:\activator\repository\com.typesafe.play\play-doc_2.11\1.2.2\jars\play-doc_2.11.jar, D:\activator\repository\org.pegdown\pegdown\1.4.0\jars\pegdown.jar, D:\activator\repository\org.parboiled\parboiled-java\1.1.5\bundles\parboiled-java.jar, D:\activator\repository\org.parboiled\parboiled-core\1.1.5\bundles\parboiled-core.jar, D:\activator\repository\org.ow2.asm\asm\4.1\jars\asm.jar, D:\activator\repository\org.ow2.asm\asm-tree\4.1\jars\asm-tree.jar, D:\activator\repository\org.ow2.asm\asm-analysis\4.1\jars\asm-analysis.jar, D:\activator\repository\org.ow2.asm\asm-util\4.1\jars\asm-util.jar, D:\activator\repository\commons-io\commons-io\2.4\jars\commons-io.jar),Some(D:\activator\repository\com.typesafe.play\play-omnidoc_2.11\2.5.9\jars\play-omnidoc_2.11.jar),List(),9000,0.0.0.0,DefaultWatchService,List(D:\Surveys\innovativeproject-surveys\web-app\public, D:\Surveys\innovativeproject-surveys\web-app\conf, D:\Surveys\innovativeproject-surveys\web-app\app),D:\Surveys\innovativeproject-surveys\web-app\target,500,root/playForkNotifyStart,root/playForkReload,300000,play.core.server.DevServerStart)))
Sending msg to client play-fork-run-43b20224-eabe-4d95-9e51-15c850e9ae2e: ValueChanged(AttributeKey[play.forkrun.protocol.ForkConfig]("playForkConfig") in Scope(Build: file:/D:/Surveys/innovativeproject-surveys/web-app/, , Project: ProjectReference(file:/D:/Surveys/innovativeproject-surveys/web-app/,root)),TaskSuccess(BuildValue(LazyValue(TransientValue(),sbt.server.TransientValue$SbtServerTransientValuePickler1$2$@1d0d0f00),ForkConfig(D:\Surveys\innovativeproject-surveys\web-app,List(-Djna.nosys=true),List(D:\activator\repository\org.scala-lang\scala-library\2.11.7\jars\scala-library.jar, D:\activator\repository\com.typesafe.play\play-enhancer\1.1.0\jars\play-enhancer.jar, D:\activator\repository\com.typesafe.play\twirl-api_2.11\1.1.1\jars\twirl-api_2.11.jar, D:\activator\repository\org.apache.commons\commons-lang3\3.4\jars\commons-lang3.jar, C:\Users\FantyG\.ivy2\cache\org.scala-lang.modules\scala-xml_2.11\bundles\scala-xml_2.11-1.0.1.jar, C:\Users\FantyG\.ivy2\cache\com.typesafe.play\play-ebean_2.11\jars\play-ebean_2.11-3.0.0.jar, D:\activator\repository\com.typesafe.play\play-java-jdbc_2.11\2.5.9\jars\play-java-jdbc_2.11.jar, D:\activator\repository\com.typesafe.play\play-jdbc_2.11\2.5.9\jars\play-jdbc_2.11.jar, D:\activator\repository\com.typesafe.play\play-jdbc-api_2.11\2.5.9\jars\play-jdbc-api_2.11.jar, D:\activator\repository\com.typesafe.play\play_2.11\2.5.9\jars\play_2.11.jar, D:\activator\repository\com.typesafe.play\build-link\2.5.9\jars\build-link.jar, D:\activator\repository\com.typesafe.play\play-exceptions\2.5.9\jars\play-exceptions.jar, D:\activator\repository\com.typesafe.play\play-iteratees_2.11\2.5.9\jars\play-iteratees_2.11.jar, C:\Users\FantyG\.ivy2\cache\org.scala-stm\scala-stm_2.11\jars\scala-stm_2.11-0.7.jar, D:\activator\repository\com.typesafe\config\1.3.0\bundles\config.jar, D:\activator\repository\com.typesafe.play\play-json_2.11\2.5.9\jars\play-json_2.11.jar, D:\activator\repository\com.typesafe.play\play-functional_2.11\2.5.9\jars\play-functional_2.11.jar, D:\activator\repository\com.typesafe.play\play-datacommons_2.11\2.5.9\jars\play-datacommons_2.11.jar, D:\activator\repository\joda-time\joda-time\2.9.4\jars\joda-time.jar, D:\activator\repository\org.joda\joda-convert\1.8.1\jars\joda-convert.jar, D:\activator\repository\org.scala-lang\scala-reflect\2.11.7\jars\scala-reflect.jar, D:\activator\repository\com.fasterxml.jackson.core\jackson-core\2.7.6\bundles\jackson-core.jar, D:\activator\repository\com.fasterxml.jackson.core\jackson-annotations\2.7.6\bundles\jackson-annotations.jar, D:\activator\repository\com.fasterxml.jackson.core\jackson-databind\2.7.6\bundles\jackson-databind.jar, D:\activator\repository\com.fasterxml.jackson.datatype\jackson-datatype-jdk8\2.7.6\bundles\jackson-datatype-jdk8.jar, D:\activator\repository\com.fasterxml.jackson.datatype\jackson-datatype-jsr310\2.7.6\bundles\jackson-datatype-jsr310.jar, D:\activator\repository\com.typesafe.play\play-netty-utils\2.5.9\jars\play-netty-utils.jar, D:\activator\repository\org.slf4j\slf4j-api\1.7.21\jars\slf4j-api.jar, D:\activator\repository\org.slf4j\jul-to-slf4j\1.7.21\jars\jul-to-slf4j.jar, D:\activator\repository\org.slf4j\jcl-over-slf4j\1.7.21\jars\jcl-over-slf4j.jar, D:\activator\repository\com.typesafe.play\play-streams_2.11\2.5.9\jars\play-streams_2.11.jar, D:\activator\repository\org.reactivestreams\reactive-streams\1.0.0\jars\reactive-streams.jar, D:\activator\repository\com.typesafe.akka\akka-stream_2.11\2.4.10\jars\akka-stream_2.11.jar, D:\activator\repository\com.typesafe.akka\akka-actor_2.11\2.4.10\jars\akka-actor_2.11.jar, D:\activator\repository\org.scala-lang.modules\scala-java8-compat_2.11\0.7.0\bundles\scala-java8-compat_2.11.jar, D:\activator\repository\com.typesafe\ssl-config-akka_2.11\0.2.1\bundles\ssl-config-akka_2.11.jar, D:\activator\repository\com.typesafe\ssl-config-core_2.11\0.2.1\bundles\ssl-config-core_2.11.jar, C:\Users\FantyG\.ivy2\cache\org.scala-lang.modules\scala-parser-combinators_2.11\bundles\scala-parser-combinators_2.11-1.0.4.jar, D:\activator\repository\com.typesafe.akka\akka-slf4j_2.11\2.4.10\jars\akka-slf4j_2.11.jar, D:\activator\repository\commons-codec\commons-codec\1.10\jars\commons-codec.jar, C:\Users\FantyG\.ivy2\cache\xerces\xercesImpl\jars\xercesImpl-2.11.0.jar, C:\Users\FantyG\.ivy2\cache\xml-apis\xml-apis\jars\xml-apis-1.4.01.jar, C:\Users\FantyG\.ivy2\cache\javax.transaction\jta\jars\jta-1.1.jar, D:\activator\repository\com.google.inject\guice\4.0\jars\guice.jar, D:\activator\repository\javax.inject\javax.inject\1\jars\javax.inject.jar, D:\activator\repository\aopalliance\aopalliance\1.0\jars\aopalliance.jar, D:\activator\repository\com.google.inject.extensions\guice-assistedinject\4.0\jars\guice-assistedinject.jar, D:\activator\repository\com.jolbox\bonecp\0.8.0.RELEASE\bundles\bonecp.jar, D:\activator\repository\com.zaxxer\HikariCP\2.5.1\bundles\HikariCP.jar, D:\activator\repository\com.googlecode.usc\jdbcdslog\1.0.6.2\jars\jdbcdslog.jar, D:\activator\repository\com.h2database\h2\1.4.192\jars\h2.jar, D:\activator\repository\tyrex\tyrex\1.0.1\jars\tyrex.jar, D:\activator\repository\com.typesafe.play\play-java_2.11\2.5.9\jars\play-java_2.11.jar, D:\activator\repository\org.yaml\snakeyaml\1.16\bundles\snakeyaml.jar, D:\activator\repository\org.hibernate\hibernate-validator\5.2.4.Final\jars\hibernate-validator.jar, D:\activator\repository\javax.validation\validation-api\1.1.0.Final\jars\validation-api.jar, D:\activator\repository\org.jboss.logging\jboss-logging\3.2.1.Final\jars\jboss-logging.jar, D:\activator\repository\com.fasterxml\classmate\1.1.0\bundles\classmate.jar, D:\activator\repository\javax.el\javax.el-api\3.0.0\jars\javax.el-api.jar, D:\activator\repository\org.springframework\spring-context\4.2.7.RELEASE\jars\spring-context.jar, D:\activator\repository\org.springframework\spring-core\4.2.7.RELEASE\jars\spring-core.jar, D:\activator\repository\org.springframework\spring-beans\4.2.7.RELEASE\jars\spring-beans.jar, D:\activator\repository\org.reflections\reflections\0.9.10\jars\reflections.jar, D:\activator\repository\com.google.guava\guava\19.0\bundles\guava.jar, D:\activator\repository\net.jodah\typetools\0.4.4\bundles\typetools.jar, D:\activator\repository\com.google.code.findbugs\jsr305\3.0.1\jars\jsr305.jar, D:\activator\repository\org.apache.tomcat\tomcat-servlet-api\8.0.33\jars\tomcat-servlet-api.jar, C:\Users\FantyG\.ivy2\cache\com.typesafe.play\play-jdbc-evolutions_2.11\jars\play-jdbc-evolutions_2.11-2.5.0.jar, C:\Users\FantyG\.ivy2\cache\org.avaje.ebeanorm\avaje-ebeanorm\jars\avaje-ebeanorm-6.18.1.jar, C:\Users\FantyG\.ivy2\cache\org.jetbrains\annotations\jars\annotations-13.0.jar, C:\Users\FantyG\.ivy2\cache\javax.persistence\persistence-api\jars\persistence-api-1.0.jar, C:\Users\FantyG\.ivy2\cache\org.avaje.ebeanorm\avaje-ebeanorm-agent\jars\avaje-ebeanorm-agent-4.9.1.jar, D:\activator\repository\com.typesafe.play\play-server_2.11\2.5.9\jars\play-server_2.11.jar, D:\activator\repository\com.typesafe.play\play-netty-server_2.11\2.5.9\jars\play-netty-server_2.11.jar, D:\activator\repository\com.typesafe.netty\netty-reactive-streams-http\1.0.8\jars\netty-reactive-streams-http.jar, D:\activator\repository\com.typesafe.netty\netty-reactive-streams\1.0.8\jars\netty-reactive-streams.jar, D:\activator\repository\io.netty\netty-handler\4.0.41.Final\jars\netty-handler.jar, D:\activator\repository\io.netty\netty-buffer\4.0.41.Final\jars\netty-buffer.jar, D:\activator\repository\io.netty\netty-common\4.0.41.Final\jars\netty-common.jar, D:\activator\repository\io.netty\netty-transport\4.0.41.Final\jars\netty-transport.jar, D:\activator\repository\io.netty\netty-codec\4.0.41.Final\jars\netty-codec.jar, D:\activator\repository\io.netty\netty-codec-http\4.0.41.Final\jars\netty-codec-http.jar, C:\Users\FantyG\.ivy2\cache\io.netty\netty-transport-native-epoll\jars\netty-transport-native-epoll-4.0.41.Final.jar, D:\activator\repository\com.typesafe.play\play-logback_2.11\2.5.9\jars\play-logback_2.11.jar, D:\activator\repository\ch.qos.logback\logback-classic\1.1.7\jars\logback-classic.jar, D:\activator\repository\ch.qos.logback\logback-core\1.1.7\jars\logback-core.jar, D:\activator\repository\com.typesafe.play\play-cache_2.11\2.5.9\jars\play-cache_2.11.jar, D:\activator\repository\net.sf.ehcache\ehcache-core\2.6.11\jars\ehcache-core.jar, D:\activator\repository\com.typesafe.play\play-java-ws_2.11\2.5.9\jars\play-java-ws_2.11.jar, D:\activator\repository\com.typesafe.play\play-ws_2.11\2.5.9\jars\play-ws_2.11.jar, D:\activator\repository\org.asynchttpclient\async-http-client\2.0.11\jars\async-http-client.jar, D:\activator\repository\org.asynchttpclient\netty-resolver-dns\2.0.11\jars\netty-resolver-dns.jar, D:\activator\repository\org.asynchttpclient\netty-resolver\2.0.11\jars\netty-resolver.jar, D:\activator\repository\org.asynchttpclient\netty-codec-dns\2.0.11\jars\netty-codec-dns.jar, D:\activator\repository\org.javassist\javassist\3.20.0-GA\bundles\javassist.jar, C:\Users\FantyG\.ivy2\cache\oauth.signpost\signpost-core\jars\signpost-core-1.2.1.2.jar, C:\Users\FantyG\.ivy2\cache\oauth.signpost\signpost-commonshttp4\jars\signpost-commonshttp4-1.2.1.2.jar, D:\activator\repository\org.apache.httpcomponents\httpcore\4.0.1\jars\httpcore.jar, D:\activator\repository\org.apache.httpcomponents\httpclient\4.0.1\jars\httpclient.jar, C:\Users\FantyG\.ivy2\cache\commons-logging\commons-logging\jars\commons-logging-1.1.1.jar, C:\Users\FantyG\.ivy2\cache\io.swagger\swagger-play2_2.11\jars\swagger-play2_2.11-1.5.1.jar, C:\Users\FantyG\.ivy2\cache\io.swagger\swagger-core\bundles\swagger-core-1.5.6.jar, C:\Users\FantyG\.ivy2\cache\com.fasterxml.jackson.datatype\jackson-datatype-joda\bundles\jackson-datatype-joda-2.4.5.jar, C:\Users\FantyG\.ivy2\cache\com.fasterxml.jackson.dataformat\jackson-dataformat-yaml\bundles\jackson-dataformat-yaml-2.4.5.jar, C:\Users\FantyG\.ivy2\cache\io.swagger\swagger-models\bundles\swagger-models-1.5.6.jar, C:\Users\FantyG\.ivy2\cache\io.swagger\swagger-annotations\bundles\swagger-annotations-1.5.6.jar, C:\Users\FantyG\.ivy2\cache\io.swagger\swagger-scala-module_2.11\jars\swagger-scala-module_2.11-1.0.0.jar, C:\Users\FantyG\.ivy2\cache\com.fasterxml.jackson.module\jackson-module-scala_2.11\bundles\jackson-module-scala_2.11-2.4.2.jar, C:\Users\FantyG\.ivy2\cache\com.thoughtworks.paranamer\paranamer\jars\paranamer-2.6.jar, C:\Users\FantyG\.ivy2\cache\com.typesafe.play\routes-compiler_2.11\jars\routes-compiler_2.11-2.4.6.jar, D:\activator\repository\commons-io\commons-io\2.4\jars\commons-io.jar, C:\Users\FantyG\.ivy2\cache\com.adrianhurt\play-bootstrap_2.11\jars\play-bootstrap_2.11-1.0-P25-B3.jar, C:\Users\FantyG\.ivy2\cache\com.typesafe.play\filters-helpers_2.11\jars\filters-helpers_2.11-2.5.0.jar, C:\Users\FantyG\.ivy2\cache\com.adrianhurt\play-bootstrap-core_2.11\jars\play-bootstrap-core_2.11-1.0-P25.jar, C:\Users\FantyG\.ivy2\cache\org.webjars\bootstrap\jars\bootstrap-3.3.6.jar, C:\Users\FantyG\.ivy2\cache\org.webjars\jquery\jars\jquery-2.1.4.jar),List((public/,D:\Surveys\innovativeproject-surveys\web-app\target\web\public\main)),List(D:\activator\repository\com.typesafe.play\play-omnidoc_2.11\2.5.9\jars\play-omnidoc_2.11.jar, D:\activator\repository\org.scala-lang\scala-library\2.11.7\jars\scala-library.jar, D:\activator\repository\com.typesafe.play\play-docs_2.11\2.5.9\jars\play-docs_2.11.jar, D:\activator\repository\com.typesafe.play\play-netty-server_2.11\2.5.9\jars\play-netty-server_2.11.jar, D:\activator\repository\com.typesafe.play\play-server_2.11\2.5.9\jars\play-server_2.11.jar, D:\activator\repository\com.typesafe.play\play_2.11\2.5.9\jars\play_2.11.jar, D:\activator\repository\com.typesafe.play\build-link\2.5.9\jars\build-link.jar, D:\activator\repository\com.typesafe.play\play-exceptions\2.5.9\jars\play-exceptions.jar, D:\activator\repository\com.typesafe.play\play-iteratees_2.11\2.5.9\jars\play-iteratees_2.11.jar, C:\Users\FantyG\.ivy2\cache\org.scala-stm\scala-stm_2.11\jars\scala-stm_2.11-0.7.jar, D:\activator\repository\com.typesafe\config\1.3.0\bundles\config.jar, D:\activator\repository\com.typesafe.play\play-json_2.11\2.5.9\jars\play-json_2.11.jar, D:\activator\repository\com.typesafe.play\play-functional_2.11\2.5.9\jars\play-functional_2.11.jar, D:\activator\repository\com.typesafe.play\play-datacommons_2.11\2.5.9\jars\play-datacommons_2.11.jar, D:\activator\repository\joda-time\joda-time\2.9.4\jars\joda-time.jar, D:\activator\repository\org.joda\joda-convert\1.8.1\jars\joda-convert.jar, D:\activator\repository\org.scala-lang\scala-reflect\2.11.7\jars\scala-reflect.jar, D:\activator\repository\com.fasterxml.jackson.core\jackson-core\2.7.6\bundles\jackson-core.jar, D:\activator\repository\com.fasterxml.jackson.core\jackson-annotations\2.7.6\bundles\jackson-annotations.jar, D:\activator\repository\com.fasterxml.jackson.core\jackson-databind\2.7.6\bundles\jackson-databind.jar, D:\activator\repository\com.fasterxml.jackson.datatype\jackson-datatype-jdk8\2.7.6\bundles\jackson-datatype-jdk8.jar, D:\activator\repository\com.fasterxml.jackson.datatype\jackson-datatype-jsr310\2.7.6\bundles\jackson-datatype-jsr310.jar, D:\activator\repository\com.typesafe.play\play-netty-utils\2.5.9\jars\play-netty-utils.jar, D:\activator\repository\org.slf4j\slf4j-api\1.7.21\jars\slf4j-api.jar, D:\activator\repository\org.slf4j\jul-to-slf4j\1.7.21\jars\jul-to-slf4j.jar, D:\activator\repository\org.slf4j\jcl-over-slf4j\1.7.21\jars\jcl-over-slf4j.jar, D:\activator\repository\com.typesafe.play\play-streams_2.11\2.5.9\jars\play-streams_2.11.jar, D:\activator\repository\org.reactivestreams\reactive-streams\1.0.0\jars\reactive-streams.jar, D:\activator\repository\com.typesafe.akka\akka-stream_2.11\2.4.10\jars\akka-stream_2.11.jar, D:\activator\repository\com.typesafe.akka\akka-actor_2.11\2.4.10\jars\akka-actor_2.11.jar, D:\activator\repository\org.scala-lang.modules\scala-java8-compat_2.11\0.7.0\bundles\scala-java8-compat_2.11.jar, D:\activator\repository\com.typesafe\ssl-config-akka_2.11\0.2.1\bundles\ssl-config-akka_2.11.jar, D:\activator\repository\com.typesafe\ssl-config-core_2.11\0.2.1\bundles\ssl-config-core_2.11.jar, C:\Users\FantyG\.ivy2\cache\org.scala-lang.modules\scala-parser-combinators_2.11\bundles\scala-parser-combinators_2.11-1.0.4.jar, D:\activator\repository\com.typesafe.play\twirl-api_2.11\1.1.1\jars\twirl-api_2.11.jar, D:\activator\repository\org.apache.commons\commons-lang3\3.4\jars\commons-lang3.jar, C:\Users\FantyG\.ivy2\cache\org.scala-lang.modules\scala-xml_2.11\bundles\scala-xml_2.11-1.0.1.jar, D:\activator\repository\com.typesafe.akka\akka-slf4j_2.11\2.4.10\jars\akka-slf4j_2.11.jar, D:\activator\repository\commons-codec\commons-codec\1.10\jars\commons-codec.jar, C:\Users\FantyG\.ivy2\cache\xerces\xercesImpl\jars\xercesImpl-2.11.0.jar, C:\Users\FantyG\.ivy2\cache\xml-apis\xml-apis\jars\xml-apis-1.4.01.jar, C:\Users\FantyG\.ivy2\cache\javax.transaction\jta\jars\jta-1.1.jar, D:\activator\repository\com.google.inject\guice\4.0\jars\guice.jar, D:\activator\repository\javax.inject\javax.inject\1\jars\javax.inject.jar, D:\activator\repository\aopalliance\aopalliance\1.0\jars\aopalliance.jar, C:\Users\FantyG\.ivy2\cache\com.google.guava\guava\bundles\guava-16.0.1.jar, D:\activator\repository\com.google.inject.extensions\guice-assistedinject\4.0\jars\guice-assistedinject.jar, D:\activator\repository\com.typesafe.netty\netty-reactive-streams-http\1.0.8\jars\netty-reactive-streams-http.jar, D:\activator\repository\com.typesafe.netty\netty-reactive-streams\1.0.8\jars\netty-reactive-streams.jar, D:\activator\repository\io.netty\netty-handler\4.0.41.Final\jars\netty-handler.jar, D:\activator\repository\io.netty\netty-buffer\4.0.41.Final\jars\netty-buffer.jar, D:\activator\repository\io.netty\netty-common\4.0.41.Final\jars\netty-common.jar, D:\activator\repository\io.netty\netty-transport\4.0.41.Final\jars\netty-transport.jar, D:\activator\repository\io.netty\netty-codec\4.0.41.Final\jars\netty-codec.jar, D:\activator\repository\io.netty\netty-codec-http\4.0.41.Final\jars\netty-codec-http.jar, C:\Users\FantyG\.ivy2\cache\io.netty\netty-transport-native-epoll\jars\netty-transport-native-epoll-4.0.41.Final.jar, D:\activator\repository\com.typesafe.play\play-doc_2.11\1.2.2\jars\play-doc_2.11.jar, D:\activator\repository\org.pegdown\pegdown\1.4.0\jars\pegdown.jar, D:\activator\repository\org.parboiled\parboiled-java\1.1.5\bundles\parboiled-java.jar, D:\activator\repository\org.parboiled\parboiled-core\1.1.5\bundles\parboiled-core.jar, D:\activator\repository\org.ow2.asm\asm\4.1\jars\asm.jar, D:\activator\repository\org.ow2.asm\asm-tree\4.1\jars\asm-tree.jar, D:\activator\repository\org.ow2.asm\asm-analysis\4.1\jars\asm-analysis.jar, D:\activator\repository\org.ow2.asm\asm-util\4.1\jars\asm-util.jar, D:\activator\repository\commons-io\commons-io\2.4\jars\commons-io.jar),Some(D:\activator\repository\com.typesafe.play\play-omnidoc_2.11\2.5.9\jars\play-omnidoc_2.11.jar),List(),9000,0.0.0.0,DefaultWatchService,List(D:\Surveys\innovativeproject-surveys\web-app\public, D:\Surveys\innovativeproject-surveys\web-app\conf, D:\Surveys\innovativeproject-surveys\web-app\app),D:\Surveys\innovativeproject-surveys\web-app\target,500,root/playForkNotifyStart,root/playForkReload,300000,play.core.server.DevServerStart))))
Sending msg to client play-fork-run-43b20224-eabe-4d95-9e51-15c850e9ae2e: TaskStarted(22,1971,None)
Sending msg to client play-fork-run-43b20224-eabe-4d95-9e51-15c850e9ae2e: TaskFinished(22,1971,None,true,None)
Sending msg to client play-fork-run-43b20224-eabe-4d95-9e51-15c850e9ae2e: TaskStarted(22,1970,None)
Sending msg to client play-fork-run-43b20224-eabe-4d95-9e51-15c850e9ae2e: TaskFinished(22,1970,None,true,None)
Sending msg to client play-fork-run-43b20224-eabe-4d95-9e51-15c850e9ae2e: DetachedLogEvent(LogMessage(debug,cancel strategy finish enabled=false lastCommand=Some(LastCommand(CommandExecutionWork(ExecutionId(22),{file:/D:/Surveys/innovativeproject-surveys/web-app/}root/*:playForkConfig,Set(LiveClient(play-fork-run 43b20224-eabe-4d95-9e51-15c850e9ae2e)),sbt.server.WorkCancellationStatus$$anon$1@765cb149)))))
Sending msg to client play-fork-run-43b20224-eabe-4d95-9e51-15c850e9ae2e: DetachedLogEvent(LogSuccess(Total time: 1 s, completed 2016-10-27 01:55:46))
Sending msg to client play-fork-run-43b20224-eabe-4d95-9e51-15c850e9ae2e: DetachedLogEvent(LogMessage(debug,> server-post-command-cleanup))
Sending msg to client play-fork-run-43b20224-eabe-4d95-9e51-15c850e9ae2e: ExecutionSuccess(22)
Sending msg to client play-fork-run-43b20224-eabe-4d95-9e51-15c850e9ae2e: DetachedLogEvent(LogMessage(debug,> server-handle-next-server-request))
Sending msg to client play-fork-run-43b20224-eabe-4d95-9e51-15c850e9ae2e: BackgroundJobLogEvent(2,LogMessage(error,scala.pickling.PicklingException: Not a primitive: scala.Nothing, found JNothing))
Sending msg to client play-fork-run-43b20224-eabe-4d95-9e51-15c850e9ae2e: BackgroundJobLogEvent(2,LogMessage(error,	at sbt.serialization.json.VerifyingJSONPickleReader.sbt$serialization$json$VerifyingJSONPickleReader$$unpickleHelper$1(JSONPickleFormat.scala:367)))
Sending msg to client play-fork-run-43b20224-eabe-4d95-9e51-15c850e9ae2e: BackgroundJobLogEvent(2,LogMessage(error,	at sbt.serialization.json.VerifyingJSONPickleReader.readPrimitive(JSONPickleFormat.scala:373)))
Sending msg to client play-fork-run-43b20224-eabe-4d95-9e51-15c850e9ae2e: BackgroundJobLogEvent(2,LogMessage(error,	at scala.pickling.pickler.PrimitivePickler.unpickle(Primitives.scala:28)))
Sending msg to client play-fork-run-43b20224-eabe-4d95-9e51-15c850e9ae2e: BackgroundJobLogEvent(2,LogMessage(error,	at play.forkrun.protocol.Serializers$PlayForkrunProtocolForkConfigUnpickler$macro$14$2$.unpickle(Serializers.scala:73)))
Sending msg to client play-fork-run-43b20224-eabe-4d95-9e51-15c850e9ae2e: BackgroundJobLogEvent(2,LogMessage(error,	at scala.pickling.Unpickler$class.unpickleEntry(Pickler.scala:79)))
Sending msg to client play-fork-run-43b20224-eabe-4d95-9e51-15c850e9ae2e: BackgroundJobLogEvent(2,LogMessage(error,	at play.forkrun.protocol.Serializers$PlayForkrunProtocolForkConfigUnpickler$macro$14$2$.unpickleEntry(Serializers.scala:73)))
Sending msg to client play-fork-run-43b20224-eabe-4d95-9e51-15c850e9ae2e: BackgroundJobLogEvent(2,LogMessage(error,	at scala.pickling.functions$.unpickle(functions.scala:11)))
Sending msg to client play-fork-run-43b20224-eabe-4d95-9e51-15c850e9ae2e: BackgroundJobLogEvent(2,LogMessage(error,	at sbt.serialization.JsonValue$$anonfun$parse$1.apply(SerializedValue.scala:104)))
Sending msg to client play-fork-run-43b20224-eabe-4d95-9e51-15c850e9ae2e: BackgroundJobLogEvent(2,LogMessage(error,	at scala.util.Try$.apply(Try.scala:192)))
Sending msg to client play-fork-run-43b20224-eabe-4d95-9e51-15c850e9ae2e: BackgroundJobLogEvent(2,LogMessage(error,	at sbt.serialization.JsonValue.parse(SerializedValue.scala:104)))
Sending msg to client play-fork-run-43b20224-eabe-4d95-9e51-15c850e9ae2e: BackgroundJobLogEvent(2,LogMessage(error,	at sbt.protocol.BuildValue.value(Values.scala:11)))
Sending msg to client play-fork-run-43b20224-eabe-4d95-9e51-15c850e9ae2e: BackgroundJobLogEvent(2,LogMessage(error,	at sbt.protocol.TaskSuccess.resultWithCustomThrowable(Values.scala:65)))
Sending msg to client play-fork-run-43b20224-eabe-4d95-9e51-15c850e9ae2e: BackgroundJobLogEvent(2,LogMessage(error,	at sbt.protocol.TaskResult$class.result(Values.scala:56)))
Sending msg to client play-fork-run-43b20224-eabe-4d95-9e51-15c850e9ae2e: BackgroundJobLogEvent(2,LogMessage(error,	at sbt.protocol.TaskSuccess.result(Values.scala:62)))
Sending msg to client play-fork-run-43b20224-eabe-4d95-9e51-15c850e9ae2e: BackgroundJobLogEvent(2,LogMessage(error,	at play.forkrun.ForkRun$$anonfun$settingUp$1.applyOrElse(ForkRun.scala:166)))
Sending msg to client play-fork-run-43b20224-eabe-4d95-9e51-15c850e9ae2e: BackgroundJobLogEvent(2,LogMessage(error,	at akka.actor.Actor$class.aroundReceive(Actor.scala:465)))
Sending msg to client play-fork-run-43b20224-eabe-4d95-9e51-15c850e9ae2e: BackgroundJobLogEvent(2,LogMessage(error,	at play.forkrun.ForkRun.aroundReceive(ForkRun.scala:153)))
Sending msg to client play-fork-run-43b20224-eabe-4d95-9e51-15c850e9ae2e: BackgroundJobLogEvent(2,LogMessage(error,	at akka.actor.ActorCell.receiveMessage(ActorCell.scala:516)))
Sending msg to client play-fork-run-43b20224-eabe-4d95-9e51-15c850e9ae2e: BackgroundJobLogEvent(2,LogMessage(error,	at akka.actor.ActorCell.invoke(ActorCell.scala:487)))
Sending msg to client play-fork-run-43b20224-eabe-4d95-9e51-15c850e9ae2e: BackgroundJobLogEvent(2,LogMessage(error,	at akka.dispatch.Mailbox.processMailbox(Mailbox.scala:254)))
Sending msg to client play-fork-run-43b20224-eabe-4d95-9e51-15c850e9ae2e: BackgroundJobLogEvent(2,LogMessage(error,	at akka.dispatch.Mailbox.run(Mailbox.scala:221)))
Sending msg to client play-fork-run-43b20224-eabe-4d95-9e51-15c850e9ae2e: BackgroundJobLogEvent(2,LogMessage(error,	at akka.dispatch.Mailbox.exec(Mailbox.scala:231)))
Sending msg to client play-fork-run-43b20224-eabe-4d95-9e51-15c850e9ae2e: BackgroundJobLogEvent(2,LogMessage(error,	at scala.concurrent.forkjoin.ForkJoinTask.doExec(ForkJoinTask.java:260)))
Sending msg to client play-fork-run-43b20224-eabe-4d95-9e51-15c850e9ae2e: BackgroundJobLogEvent(2,LogMessage(error,	at scala.concurrent.forkjoin.ForkJoinPool$WorkQueue.pollAndExecAll(ForkJoinPool.java:1253)))
Sending msg to client play-fork-run-43b20224-eabe-4d95-9e51-15c850e9ae2e: BackgroundJobLogEvent(2,LogMessage(error,	at scala.concurrent.forkjoin.ForkJoinPool$WorkQueue.runTask(ForkJoinPool.java:1346)))
Sending msg to client play-fork-run-43b20224-eabe-4d95-9e51-15c850e9ae2e: BackgroundJobLogEvent(2,LogMessage(error,	at scala.concurrent.forkjoin.ForkJoinPool.runWorker(ForkJoinPool.java:1979)))
Sending msg to client play-fork-run-43b20224-eabe-4d95-9e51-15c850e9ae2e: BackgroundJobLogEvent(2,LogMessage(error,	at scala.concurrent.forkjoin.ForkJoinWorkerThread.run(ForkJoinWorkerThread.java:107)))
Sending msg to client play-fork-run-43b20224-eabe-4d95-9e51-15c850e9ae2e: BackgroundJobLogEvent(2,LogMessage(error,Play fork run has failed due to:))
Sending msg to client play-fork-run-43b20224-eabe-4d95-9e51-15c850e9ae2e: BackgroundJobLogEvent(2,LogMessage(error,scala.pickling.PicklingException: error in unpickle of primitive unpickler 'java.lang.Integer':))
Sending msg to client play-fork-run-43b20224-eabe-4d95-9e51-15c850e9ae2e: BackgroundJobLogEvent(2,LogMessage(info,tag in unpickle: 'scala.Nothing'))
Sending msg to client play-fork-run-43b20224-eabe-4d95-9e51-15c850e9ae2e: BackgroundJobLogEvent(2,LogMessage(info,message:))
Sending msg to client play-fork-run-43b20224-eabe-4d95-9e51-15c850e9ae2e: BackgroundJobLogEvent(2,LogMessage(info,Not a primitive: scala.Nothing, found JNothing))
Sending msg to client play-fork-run-43b20224-eabe-4d95-9e51-15c850e9ae2e: BackgroundJobLogEvent(2,LogMessage(error,	at scala.pickling.pickler.PrimitivePickler.unpickle(Primitives.scala:31)))
Sending msg to client play-fork-run-43b20224-eabe-4d95-9e51-15c850e9ae2e: BackgroundJobLogEvent(2,LogMessage(error,	at play.forkrun.protocol.Serializers$PlayForkrunProtocolForkConfigUnpickler$macro$14$2$.unpickle(Serializers.scala:73)))
Sending msg to client play-fork-run-43b20224-eabe-4d95-9e51-15c850e9ae2e: BackgroundJobLogEvent(2,LogMessage(error,	at scala.pickling.Unpickler$class.unpickleEntry(Pickler.scala:79)))
Sending msg to client play-fork-run-43b20224-eabe-4d95-9e51-15c850e9ae2e: BackgroundJobLogEvent(2,LogMessage(error,	at play.forkrun.protocol.Serializers$PlayForkrunProtocolForkConfigUnpickler$macro$14$2$.unpickleEntry(Serializers.scala:73)))
Sending msg to client play-fork-run-43b20224-eabe-4d95-9e51-15c850e9ae2e: BackgroundJobLogEvent(2,LogMessage(error,	at scala.pickling.functions$.unpickle(functions.scala:11)))
Sending msg to client play-fork-run-43b20224-eabe-4d95-9e51-15c850e9ae2e: BackgroundJobLogEvent(2,LogMessage(error,	at sbt.serialization.JsonValue$$anonfun$parse$1.apply(SerializedValue.scala:104)))
Sending msg to client play-fork-run-43b20224-eabe-4d95-9e51-15c850e9ae2e: BackgroundJobLogEvent(2,LogMessage(error,	at scala.util.Try$.apply(Try.scala:192)))
Sending msg to client play-fork-run-43b20224-eabe-4d95-9e51-15c850e9ae2e: BackgroundJobLogEvent(2,LogMessage(error,	at sbt.serialization.JsonValue.parse(SerializedValue.scala:104)))
Sending msg to client play-fork-run-43b20224-eabe-4d95-9e51-15c850e9ae2e: BackgroundJobLogEvent(2,LogMessage(error,	at sbt.protocol.BuildValue.value(Values.scala:11)))
Sending msg to client play-fork-run-43b20224-eabe-4d95-9e51-15c850e9ae2e: BackgroundJobLogEvent(2,LogMessage(error,	at sbt.protocol.TaskSuccess.resultWithCustomThrowable(Values.scala:65)))
Sending msg to client play-fork-run-43b20224-eabe-4d95-9e51-15c850e9ae2e: BackgroundJobLogEvent(2,LogMessage(error,	at sbt.protocol.TaskResult$class.result(Values.scala:56)))
Sending msg to client play-fork-run-43b20224-eabe-4d95-9e51-15c850e9ae2e: BackgroundJobLogEvent(2,LogMessage(error,	at sbt.protocol.TaskSuccess.result(Values.scala:62)))
Sending msg to client play-fork-run-43b20224-eabe-4d95-9e51-15c850e9ae2e: BackgroundJobLogEvent(2,LogMessage(error,	at play.forkrun.ForkRun$$anonfun$settingUp$1.applyOrElse(ForkRun.scala:166)))
Sending msg to client play-fork-run-43b20224-eabe-4d95-9e51-15c850e9ae2e: BackgroundJobLogEvent(2,LogMessage(error,	at akka.actor.Actor$class.aroundReceive(Actor.scala:465)))
Sending msg to client play-fork-run-43b20224-eabe-4d95-9e51-15c850e9ae2e: BackgroundJobLogEvent(2,LogMessage(error,	at play.forkrun.ForkRun.aroundReceive(ForkRun.scala:153)))
Sending msg to client play-fork-run-43b20224-eabe-4d95-9e51-15c850e9ae2e: BackgroundJobLogEvent(2,LogMessage(error,	at akka.actor.ActorCell.receiveMessage(ActorCell.scala:516)))
Sending msg to client play-fork-run-43b20224-eabe-4d95-9e51-15c850e9ae2e: BackgroundJobLogEvent(2,LogMessage(error,	at akka.actor.ActorCell.invoke(ActorCell.scala:487)))
Sending msg to client play-fork-run-43b20224-eabe-4d95-9e51-15c850e9ae2e: BackgroundJobLogEvent(2,LogMessage(error,	at akka.dispatch.Mailbox.processMailbox(Mailbox.scala:254)))
Sending msg to client play-fork-run-43b20224-eabe-4d95-9e51-15c850e9ae2e: BackgroundJobLogEvent(2,LogMessage(error,	at akka.dispatch.Mailbox.run(Mailbox.scala:221)))
Sending msg to client play-fork-run-43b20224-eabe-4d95-9e51-15c850e9ae2e: BackgroundJobLogEvent(2,LogMessage(error,	at akka.dispatch.Mailbox.exec(Mailbox.scala:231)))
Sending msg to client play-fork-run-43b20224-eabe-4d95-9e51-15c850e9ae2e: BackgroundJobLogEvent(2,LogMessage(error,	at scala.concurrent.forkjoin.ForkJoinTask.doExec(ForkJoinTask.java:260)))
Sending msg to client play-fork-run-43b20224-eabe-4d95-9e51-15c850e9ae2e: BackgroundJobLogEvent(2,LogMessage(error,	at scala.concurrent.forkjoin.ForkJoinPool$WorkQueue.pollAndExecAll(ForkJoinPool.java:1253)))
Sending msg to client play-fork-run-43b20224-eabe-4d95-9e51-15c850e9ae2e: BackgroundJobLogEvent(2,LogMessage(error,	at scala.concurrent.forkjoin.ForkJoinPool$WorkQueue.runTask(ForkJoinPool.java:1346)))
Sending msg to client play-fork-run-43b20224-eabe-4d95-9e51-15c850e9ae2e: BackgroundJobLogEvent(2,LogMessage(error,	at scala.concurrent.forkjoin.ForkJoinPool.runWorker(ForkJoinPool.java:1979)))
Sending msg to client play-fork-run-43b20224-eabe-4d95-9e51-15c850e9ae2e: BackgroundJobLogEvent(2,LogMessage(error,	at scala.concurrent.forkjoin.ForkJoinWorkerThread.run(ForkJoinWorkerThread.java:107)))
Got request: UnlistenToEvents()
Reading next message from client.
Sending msg to client play-fork-run-43b20224-eabe-4d95-9e51-15c850e9ae2e: (8,ReceivedResponse())
Got request: UnlistenToValue(AttributeKey[play.forkrun.protocol.ForkConfig]("playForkConfig") in Scope(Build: file:/D:/Surveys/innovativeproject-surveys/web-app/, , Project: ProjectReference(file:/D:/Surveys/innovativeproject-surveys/web-app/,root)))
Reading next message from client.
Client play-fork-run-43b20224-eabe-4d95-9e51-15c850e9ae2e EOF, shutting down.
Stopping client.
Client play-fork-run-43b20224-eabe-4d95-9e51-15c850e9ae2e thread exiting.
Dropping message (9,ReceivedResponse()) to dead client play-fork-run-43b20224-eabe-4d95-9e51-15c850e9ae2e
Dropping message (0,ReceivedResponse()) to dead client play-fork-run-43b20224-eabe-4d95-9e51-15c850e9ae2e
